INFO - 2023-12-09 12:50:55 --> Session: Class initialized using 'CodeIgniter\Session\Handlers\FileHandler' driver.
INFO - 2023-12-09 12:51:00 --> CSRF token verified.
INFO - 2023-12-09 12:51:00 --> Session: Class initialized using 'CodeIgniter\Session\Handlers\FileHandler' driver.
INFO - 2023-12-09 12:51:01 --> Session: Class initialized using 'CodeIgniter\Session\Handlers\FileHandler' driver.
INFO - 2023-12-09 12:51:13 --> Session: Class initialized using 'CodeIgniter\Session\Handlers\FileHandler' driver.
INFO - 2023-12-09 12:57:57 --> Session: Class initialized using 'CodeIgniter\Session\Handlers\FileHandler' driver.
INFO - 2023-12-09 12:58:07 --> Session: Class initialized using 'CodeIgniter\Session\Handlers\FileHandler' driver.
INFO - 2023-12-09 13:11:43 --> CSRF token verified.
CRITICAL - 2023-12-09 13:11:43 --> Call to a member function getValidated() on null
in APPPATH\Controllers\ProductController.php on line 50.
 1 SYSTEMPATH\CodeIgniter.php(919): App\Controllers\ProductController->create()
 2 SYSTEMPATH\CodeIgniter.php(494): CodeIgniter\CodeIgniter->runController(Object(App\Controllers\ProductController))
 3 SYSTEMPATH\CodeIgniter.php(353): CodeIgniter\CodeIgniter->handleRequest(null, Object(Config\Cache), false)
 4 FCPATH\index.php(79): CodeIgniter\CodeIgniter->run()
INFO - 2023-12-09 13:12:04 --> CSRF token verified.
CRITICAL - 2023-12-09 13:12:04 --> Call to undefined method App\Models\ProductModel::getAll
in SYSTEMPATH\Model.php on line 873.
 1 APPPATH\Controllers\ProductController.php(66): CodeIgniter\Model->__call('getAll', [])
 2 SYSTEMPATH\CodeIgniter.php(919): App\Controllers\ProductController->create()
 3 SYSTEMPATH\CodeIgniter.php(494): CodeIgniter\CodeIgniter->runController(Object(App\Controllers\ProductController))
 4 SYSTEMPATH\CodeIgniter.php(353): CodeIgniter\CodeIgniter->handleRequest(null, Object(Config\Cache), false)
 5 FCPATH\index.php(79): CodeIgniter\CodeIgniter->run()
INFO - 2023-12-09 13:12:31 --> CSRF token verified.
CRITICAL - 2023-12-09 13:12:31 --> Call to undefined method App\Models\ProductModel::getAll
in SYSTEMPATH\Model.php on line 873.
 1 APPPATH\Controllers\ProductController.php(79): CodeIgniter\Model->__call('getAll', [])
 2 SYSTEMPATH\CodeIgniter.php(919): App\Controllers\ProductController->create()
 3 SYSTEMPATH\CodeIgniter.php(494): CodeIgniter\CodeIgniter->runController(Object(App\Controllers\ProductController))
 4 SYSTEMPATH\CodeIgniter.php(353): CodeIgniter\CodeIgniter->handleRequest(null, Object(Config\Cache), false)
 5 FCPATH\index.php(79): CodeIgniter\CodeIgniter->run()
INFO - 2023-12-09 13:12:33 --> Session: Class initialized using 'CodeIgniter\Session\Handlers\FileHandler' driver.
INFO - 2023-12-09 13:12:42 --> CSRF token verified.
INFO - 2023-12-09 13:12:42 --> Session: Class initialized using 'CodeIgniter\Session\Handlers\FileHandler' driver.
INFO - 2023-12-09 13:12:45 --> CSRF token verified.
INFO - 2023-12-09 13:12:45 --> Session: Class initialized using 'CodeIgniter\Session\Handlers\FileHandler' driver.
INFO - 2023-12-09 13:13:44 --> Session: Class initialized using 'CodeIgniter\Session\Handlers\FileHandler' driver.
INFO - 2023-12-09 13:14:01 --> CSRF token verified.
CRITICAL - 2023-12-09 13:14:01 --> Call to undefined method App\Models\ProductModel::getAll
in SYSTEMPATH\Model.php on line 873.
 1 APPPATH\Controllers\ProductController.php(66): CodeIgniter\Model->__call('getAll', [])
 2 SYSTEMPATH\CodeIgniter.php(919): App\Controllers\ProductController->create()
 3 SYSTEMPATH\CodeIgniter.php(494): CodeIgniter\CodeIgniter->runController(Object(App\Controllers\ProductController))
 4 SYSTEMPATH\CodeIgniter.php(353): CodeIgniter\CodeIgniter->handleRequest(null, Object(Config\Cache), false)
 5 FCPATH\index.php(79): CodeIgniter\CodeIgniter->run()
INFO - 2023-12-09 13:14:37 --> CSRF token verified.
INFO - 2023-12-09 13:14:42 --> CSRF token verified.
INFO - 2023-12-09 13:14:42 --> Session: Class initialized using 'CodeIgniter\Session\Handlers\FileHandler' driver.
INFO - 2023-12-09 13:14:45 --> CSRF token verified.
INFO - 2023-12-09 13:14:45 --> Session: Class initialized using 'CodeIgniter\Session\Handlers\FileHandler' driver.
INFO - 2023-12-09 13:15:04 --> CSRF token verified.
INFO - 2023-12-09 13:15:57 --> CSRF token verified.
INFO - 2023-12-09 13:18:34 --> Session: Class initialized using 'CodeIgniter\Session\Handlers\FileHandler' driver.
INFO - 2023-12-09 13:20:09 --> Session: Class initialized using 'CodeIgniter\Session\Handlers\FileHandler' driver.
INFO - 2023-12-09 13:22:15 --> Session: Class initialized using 'CodeIgniter\Session\Handlers\FileHandler' driver.
INFO - 2023-12-09 13:22:18 --> Session: Class initialized using 'CodeIgniter\Session\Handlers\FileHandler' driver.
INFO - 2023-12-09 13:22:28 --> Session: Class initialized using 'CodeIgniter\Session\Handlers\FileHandler' driver.
INFO - 2023-12-09 13:22:29 --> Session: Class initialized using 'CodeIgniter\Session\Handlers\FileHandler' driver.
INFO - 2023-12-09 13:22:58 --> Session: Class initialized using 'CodeIgniter\Session\Handlers\FileHandler' driver.
INFO - 2023-12-09 13:23:06 --> Session: Class initialized using 'CodeIgniter\Session\Handlers\FileHandler' driver.
INFO - 2023-12-09 13:24:56 --> Session: Class initialized using 'CodeIgniter\Session\Handlers\FileHandler' driver.
INFO - 2023-12-09 13:28:07 --> Session: Class initialized using 'CodeIgniter\Session\Handlers\FileHandler' driver.
INFO - 2023-12-09 13:29:43 --> Session: Class initialized using 'CodeIgniter\Session\Handlers\FileHandler' driver.
INFO - 2023-12-09 13:41:40 --> Session: Class initialized using 'CodeIgniter\Session\Handlers\FileHandler' driver.
INFO - 2023-12-09 13:41:40 --> Session: Class initialized using 'CodeIgniter\Session\Handlers\FileHandler' driver.
INFO - 2023-12-09 13:46:35 --> Session: Class initialized using 'CodeIgniter\Session\Handlers\FileHandler' driver.
INFO - 2023-12-09 13:49:30 --> Session: Class initialized using 'CodeIgniter\Session\Handlers\FileHandler' driver.
INFO - 2023-12-09 13:50:11 --> CSRF token verified.
INFO - 2023-12-09 13:50:33 --> Session: Class initialized using 'CodeIgniter\Session\Handlers\FileHandler' driver.
INFO - 2023-12-09 13:50:56 --> Session: Class initialized using 'CodeIgniter\Session\Handlers\FileHandler' driver.
CRITICAL - 2023-12-09 13:50:56 --> Undefined array key "name_blog"
in APPPATH\Views\admin\blog.php on line 149.
 1 APPPATH\Views\admin\blog.php(149): CodeIgniter\Debug\Exceptions->errorHandler(2, 'Undefined array key "name_blog"', 'C:\\xampp\\htdocs\\showProject_public\\DOAN_websitethuongmai\\app\\Views\\admin\\blog.php', 149)
 2 SYSTEMPATH\View\View.php(226): include('C:\\xampp\\htdocs\\showProject_public\\DOAN_websitethuongmai\\app\\Views\\admin\\blog.php')
 3 SYSTEMPATH\View\View.php(229): CodeIgniter\View\View->CodeIgniter\View\{closure}()
 4 SYSTEMPATH\Common.php(1188): CodeIgniter\View\View->render('admin/blog', [], true)
 5 APPPATH\Controllers\BlogController.php(29): view('admin/blog', [...])
 6 SYSTEMPATH\CodeIgniter.php(919): App\Controllers\BlogController->index()
 7 SYSTEMPATH\CodeIgniter.php(494): CodeIgniter\CodeIgniter->runController(Object(App\Controllers\BlogController))
 8 SYSTEMPATH\CodeIgniter.php(353): CodeIgniter\CodeIgniter->handleRequest(null, Object(Config\Cache), false)
 9 FCPATH\index.php(79): CodeIgniter\CodeIgniter->run()
INFO - 2023-12-09 13:51:30 --> Session: Class initialized using 'CodeIgniter\Session\Handlers\FileHandler' driver.
CRITICAL - 2023-12-09 13:51:30 --> Undefined array key "name_blog"
in APPPATH\Views\admin\blog.php on line 149.
 1 APPPATH\Views\admin\blog.php(149): CodeIgniter\Debug\Exceptions->errorHandler(2, 'Undefined array key "name_blog"', 'C:\\xampp\\htdocs\\showProject_public\\DOAN_websitethuongmai\\app\\Views\\admin\\blog.php', 149)
 2 SYSTEMPATH\View\View.php(226): include('C:\\xampp\\htdocs\\showProject_public\\DOAN_websitethuongmai\\app\\Views\\admin\\blog.php')
 3 SYSTEMPATH\View\View.php(229): CodeIgniter\View\View->CodeIgniter\View\{closure}()
 4 SYSTEMPATH\Common.php(1188): CodeIgniter\View\View->render('admin/blog', [], true)
 5 APPPATH\Controllers\BlogController.php(29): view('admin/blog', [...])
 6 SYSTEMPATH\CodeIgniter.php(919): App\Controllers\BlogController->index()
 7 SYSTEMPATH\CodeIgniter.php(494): CodeIgniter\CodeIgniter->runController(Object(App\Controllers\BlogController))
 8 SYSTEMPATH\CodeIgniter.php(353): CodeIgniter\CodeIgniter->handleRequest(null, Object(Config\Cache), false)
 9 FCPATH\index.php(79): CodeIgniter\CodeIgniter->run()
INFO - 2023-12-09 13:52:11 --> Session: Class initialized using 'CodeIgniter\Session\Handlers\FileHandler' driver.
INFO - 2023-12-09 13:53:08 --> Session: Class initialized using 'CodeIgniter\Session\Handlers\FileHandler' driver.
CRITICAL - 2023-12-09 13:53:08 --> Undefined array key "name_blog"
in APPPATH\Views\admin\blog.php on line 149.
 1 APPPATH\Views\admin\blog.php(149): CodeIgniter\Debug\Exceptions->errorHandler(2, 'Undefined array key "name_blog"', 'C:\\xampp\\htdocs\\showProject_public\\DOAN_websitethuongmai\\app\\Views\\admin\\blog.php', 149)
 2 SYSTEMPATH\View\View.php(226): include('C:\\xampp\\htdocs\\showProject_public\\DOAN_websitethuongmai\\app\\Views\\admin\\blog.php')
 3 SYSTEMPATH\View\View.php(229): CodeIgniter\View\View->CodeIgniter\View\{closure}()
 4 SYSTEMPATH\Common.php(1188): CodeIgniter\View\View->render('admin/blog', [], true)
 5 APPPATH\Controllers\BlogController.php(29): view('admin/blog', [...])
 6 SYSTEMPATH\CodeIgniter.php(919): App\Controllers\BlogController->index()
 7 SYSTEMPATH\CodeIgniter.php(494): CodeIgniter\CodeIgniter->runController(Object(App\Controllers\BlogController))
 8 SYSTEMPATH\CodeIgniter.php(353): CodeIgniter\CodeIgniter->handleRequest(null, Object(Config\Cache), false)
 9 FCPATH\index.php(79): CodeIgniter\CodeIgniter->run()
INFO - 2023-12-09 13:53:27 --> Session: Class initialized using 'CodeIgniter\Session\Handlers\FileHandler' driver.
INFO - 2023-12-09 13:55:59 --> Session: Class initialized using 'CodeIgniter\Session\Handlers\FileHandler' driver.
CRITICAL - 2023-12-09 13:55:59 --> Undefined array key "name_blog"
in APPPATH\Views\admin\blog.php on line 149.
 1 APPPATH\Views\admin\blog.php(149): CodeIgniter\Debug\Exceptions->errorHandler(2, 'Undefined array key "name_blog"', 'C:\\xampp\\htdocs\\showProject_public\\DOAN_websitethuongmai\\app\\Views\\admin\\blog.php', 149)
 2 SYSTEMPATH\View\View.php(226): include('C:\\xampp\\htdocs\\showProject_public\\DOAN_websitethuongmai\\app\\Views\\admin\\blog.php')
 3 SYSTEMPATH\View\View.php(229): CodeIgniter\View\View->CodeIgniter\View\{closure}()
 4 SYSTEMPATH\Common.php(1188): CodeIgniter\View\View->render('admin/blog', [], true)
 5 APPPATH\Controllers\BlogController.php(29): view('admin/blog', [...])
 6 SYSTEMPATH\CodeIgniter.php(919): App\Controllers\BlogController->index()
 7 SYSTEMPATH\CodeIgniter.php(494): CodeIgniter\CodeIgniter->runController(Object(App\Controllers\BlogController))
 8 SYSTEMPATH\CodeIgniter.php(353): CodeIgniter\CodeIgniter->handleRequest(null, Object(Config\Cache), false)
 9 FCPATH\index.php(79): CodeIgniter\CodeIgniter->run()
INFO - 2023-12-09 13:56:11 --> Session: Class initialized using 'CodeIgniter\Session\Handlers\FileHandler' driver.
INFO - 2023-12-09 13:58:36 --> CSRF token verified.
INFO - 2023-12-09 13:58:37 --> Session: Class initialized using 'CodeIgniter\Session\Handlers\FileHandler' driver.
INFO - 2023-12-09 13:58:45 --> Session: Class initialized using 'CodeIgniter\Session\Handlers\FileHandler' driver.
INFO - 2023-12-09 13:58:58 --> CSRF token verified.
INFO - 2023-12-09 13:58:58 --> Session: Class initialized using 'CodeIgniter\Session\Handlers\FileHandler' driver.
INFO - 2023-12-09 13:59:34 --> CSRF token verified.
INFO - 2023-12-09 13:59:34 --> Session: Class initialized using 'CodeIgniter\Session\Handlers\FileHandler' driver.
INFO - 2023-12-09 14:00:57 --> CSRF token verified.
INFO - 2023-12-09 14:00:57 --> Session: Class initialized using 'CodeIgniter\Session\Handlers\FileHandler' driver.
INFO - 2023-12-09 14:02:20 --> Session: Class initialized using 'CodeIgniter\Session\Handlers\FileHandler' driver.
INFO - 2023-12-09 14:02:21 --> Session: Class initialized using 'CodeIgniter\Session\Handlers\FileHandler' driver.
INFO - 2023-12-09 14:02:27 --> CSRF token verified.
INFO - 2023-12-09 14:02:27 --> Session: Class initialized using 'CodeIgniter\Session\Handlers\FileHandler' driver.
INFO - 2023-12-09 14:03:10 --> CSRF token verified.
INFO - 2023-12-09 14:03:11 --> Session: Class initialized using 'CodeIgniter\Session\Handlers\FileHandler' driver.
INFO - 2023-12-09 14:03:39 --> Session: Class initialized using 'CodeIgniter\Session\Handlers\FileHandler' driver.
INFO - 2023-12-09 14:03:54 --> CSRF token verified.
INFO - 2023-12-09 14:04:07 --> CSRF token verified.
INFO - 2023-12-09 14:04:08 --> Session: Class initialized using 'CodeIgniter\Session\Handlers\FileHandler' driver.
INFO - 2023-12-09 14:04:22 --> CSRF token verified.
INFO - 2023-12-09 14:04:34 --> Session: Class initialized using 'CodeIgniter\Session\Handlers\FileHandler' driver.
INFO - 2023-12-09 14:05:17 --> Session: Class initialized using 'CodeIgniter\Session\Handlers\FileHandler' driver.
INFO - 2023-12-09 14:05:33 --> Session: Class initialized using 'CodeIgniter\Session\Handlers\FileHandler' driver.
INFO - 2023-12-09 14:05:59 --> CSRF token verified.
INFO - 2023-12-09 14:05:59 --> Session: Class initialized using 'CodeIgniter\Session\Handlers\FileHandler' driver.
INFO - 2023-12-09 14:06:07 --> CSRF token verified.
INFO - 2023-12-09 14:06:07 --> Session: Class initialized using 'CodeIgniter\Session\Handlers\FileHandler' driver.
CRITICAL - 2023-12-09 14:17:51 --> Call to undefined method App\Models\BlogModel::getProduct
in SYSTEMPATH\Model.php on line 873.
 1 APPPATH\Controllers\ClientController.php(103): CodeIgniter\Model->__call('getProduct', [])
 2 SYSTEMPATH\CodeIgniter.php(919): App\Controllers\ClientController->blog_c()
 3 SYSTEMPATH\CodeIgniter.php(494): CodeIgniter\CodeIgniter->runController(Object(App\Controllers\ClientController))
 4 SYSTEMPATH\CodeIgniter.php(353): CodeIgniter\CodeIgniter->handleRequest(null, Object(Config\Cache), false)
 5 FCPATH\index.php(79): CodeIgniter\CodeIgniter->run()
CRITICAL - 2023-12-09 14:18:18 --> Undefined variable $product
in APPPATH\Views\client\includes_c\header.php on line 251.
 1 APPPATH\Views\client\includes_c\header.php(251): CodeIgniter\Debug\Exceptions->errorHandler(2, 'Undefined variable $product', 'C:\\xampp\\htdocs\\showProject_public\\DOAN_websitethuongmai\\app\\Views\\client\\includes_c\\header.php', 251)
 2 SYSTEMPATH\View\View.php(226): include('C:\\xampp\\htdocs\\showProject_public\\DOAN_websitethuongmai\\app\\Views\\client\\includes_c\\header.php')
 3 SYSTEMPATH\View\View.php(229): CodeIgniter\View\View->CodeIgniter\View\{closure}()
 4 SYSTEMPATH\Common.php(1188): CodeIgniter\View\View->render('client/includes_c/header', [], true)
 5 APPPATH\Controllers\ClientController.php(107): view('client/includes_c/header', [...])
 6 SYSTEMPATH\CodeIgniter.php(919): App\Controllers\ClientController->blog_c()
 7 SYSTEMPATH\CodeIgniter.php(494): CodeIgniter\CodeIgniter->runController(Object(App\Controllers\ClientController))
 8 SYSTEMPATH\CodeIgniter.php(353): CodeIgniter\CodeIgniter->handleRequest(null, Object(Config\Cache), false)
 9 FCPATH\index.php(79): CodeIgniter\CodeIgniter->run()
CRITICAL - 2023-12-09 14:30:01 --> Call to a member function format() on string
in APPPATH\Views\client\blog_c.php on line 25.
 1 SYSTEMPATH\View\View.php(226): include()
 2 SYSTEMPATH\View\View.php(229): CodeIgniter\View\View->CodeIgniter\View\{closure}()
 3 SYSTEMPATH\Common.php(1188): CodeIgniter\View\View->render('client/blog_c', [], true)
 4 APPPATH\Controllers\ClientController.php(112): view('client/blog_c', [...])
 5 SYSTEMPATH\CodeIgniter.php(919): App\Controllers\ClientController->blog_c()
 6 SYSTEMPATH\CodeIgniter.php(494): CodeIgniter\CodeIgniter->runController(Object(App\Controllers\ClientController))
 7 SYSTEMPATH\CodeIgniter.php(353): CodeIgniter\CodeIgniter->handleRequest(null, Object(Config\Cache), false)
 8 FCPATH\index.php(79): CodeIgniter\CodeIgniter->run()
INFO - 2023-12-09 14:31:08 --> Session: Class initialized using 'CodeIgniter\Session\Handlers\FileHandler' driver.
