CRITICAL - 2023-12-04 09:14:38 --> Invalid file: "client/index.php"
in SYSTEMPATH\Exceptions\FrameworkException.php on line 39.
 1 SYSTEMPATH\View\View.php(214): CodeIgniter\Exceptions\FrameworkException::forInvalidFile('client/index.php')
 2 SYSTEMPATH\Common.php(1188): CodeIgniter\View\View->render('client/index', [], true)
 3 APPPATH\Controllers\ClientController.php(21): view('client/index')
 4 SYSTEMPATH\CodeIgniter.php(919): App\Controllers\ClientController->product()
 5 SYSTEMPATH\CodeIgniter.php(494): CodeIgniter\CodeIgniter->runController(Object(App\Controllers\ClientController))
 6 SYSTEMPATH\CodeIgniter.php(353): CodeIgniter\CodeIgniter->handleRequest(null, Object(Config\Cache), false)
 7 FCPATH\index.php(79): CodeIgniter\CodeIgniter->run()
CRITICAL - 2023-12-04 09:15:21 --> Invalid file: "client/index.php"
in SYSTEMPATH\Exceptions\FrameworkException.php on line 39.
 1 SYSTEMPATH\View\View.php(214): CodeIgniter\Exceptions\FrameworkException::forInvalidFile('client/index.php')
 2 SYSTEMPATH\Common.php(1188): CodeIgniter\View\View->render('client/index', [], true)
 3 APPPATH\Controllers\ClientController.php(21): view('client/index')
 4 SYSTEMPATH\CodeIgniter.php(919): App\Controllers\ClientController->product()
 5 SYSTEMPATH\CodeIgniter.php(494): CodeIgniter\CodeIgniter->runController(Object(App\Controllers\ClientController))
 6 SYSTEMPATH\CodeIgniter.php(353): CodeIgniter\CodeIgniter->handleRequest(null, Object(Config\Cache), false)
 7 FCPATH\index.php(79): CodeIgniter\CodeIgniter->run()
CRITICAL - 2023-12-04 09:15:24 --> Invalid file: "client/index.php"
in SYSTEMPATH\Exceptions\FrameworkException.php on line 39.
 1 SYSTEMPATH\View\View.php(214): CodeIgniter\Exceptions\FrameworkException::forInvalidFile('client/index.php')
 2 SYSTEMPATH\Common.php(1188): CodeIgniter\View\View->render('client/index', [], true)
 3 APPPATH\Controllers\ClientController.php(21): view('client/index')
 4 SYSTEMPATH\CodeIgniter.php(919): App\Controllers\ClientController->product()
 5 SYSTEMPATH\CodeIgniter.php(494): CodeIgniter\CodeIgniter->runController(Object(App\Controllers\ClientController))
 6 SYSTEMPATH\CodeIgniter.php(353): CodeIgniter\CodeIgniter->handleRequest(null, Object(Config\Cache), false)
 7 FCPATH\index.php(79): CodeIgniter\CodeIgniter->run()
CRITICAL - 2023-12-04 09:15:26 --> Invalid file: "client/index.php"
in SYSTEMPATH\Exceptions\FrameworkException.php on line 39.
 1 SYSTEMPATH\View\View.php(214): CodeIgniter\Exceptions\FrameworkException::forInvalidFile('client/index.php')
 2 SYSTEMPATH\Common.php(1188): CodeIgniter\View\View->render('client/index', [], true)
 3 APPPATH\Controllers\ClientController.php(21): view('client/index')
 4 SYSTEMPATH\CodeIgniter.php(919): App\Controllers\ClientController->product()
 5 SYSTEMPATH\CodeIgniter.php(494): CodeIgniter\CodeIgniter->runController(Object(App\Controllers\ClientController))
 6 SYSTEMPATH\CodeIgniter.php(353): CodeIgniter\CodeIgniter->handleRequest(null, Object(Config\Cache), false)
 7 FCPATH\index.php(79): CodeIgniter\CodeIgniter->run()
CRITICAL - 2023-12-04 09:15:40 --> Invalid file: "client/index.php"
in SYSTEMPATH\Exceptions\FrameworkException.php on line 39.
 1 SYSTEMPATH\View\View.php(214): CodeIgniter\Exceptions\FrameworkException::forInvalidFile('client/index.php')
 2 SYSTEMPATH\Common.php(1188): CodeIgniter\View\View->render('client/index', [], true)
 3 APPPATH\Controllers\ClientController.php(21): view('client/index')
 4 SYSTEMPATH\CodeIgniter.php(919): App\Controllers\ClientController->product()
 5 SYSTEMPATH\CodeIgniter.php(494): CodeIgniter\CodeIgniter->runController(Object(App\Controllers\ClientController))
 6 SYSTEMPATH\CodeIgniter.php(353): CodeIgniter\CodeIgniter->handleRequest(null, Object(Config\Cache), false)
 7 FCPATH\index.php(79): CodeIgniter\CodeIgniter->run()
CRITICAL - 2023-12-04 09:15:42 --> Invalid file: "client/index.php"
in SYSTEMPATH\Exceptions\FrameworkException.php on line 39.
 1 SYSTEMPATH\View\View.php(214): CodeIgniter\Exceptions\FrameworkException::forInvalidFile('client/index.php')
 2 SYSTEMPATH\Common.php(1188): CodeIgniter\View\View->render('client/index', [], true)
 3 APPPATH\Controllers\ClientController.php(21): view('client/index')
 4 SYSTEMPATH\CodeIgniter.php(919): App\Controllers\ClientController->product()
 5 SYSTEMPATH\CodeIgniter.php(494): CodeIgniter\CodeIgniter->runController(Object(App\Controllers\ClientController))
 6 SYSTEMPATH\CodeIgniter.php(353): CodeIgniter\CodeIgniter->handleRequest(null, Object(Config\Cache), false)
 7 FCPATH\index.php(79): CodeIgniter\CodeIgniter->run()
CRITICAL - 2023-12-04 09:15:42 --> Invalid file: "client/index.php"
in SYSTEMPATH\Exceptions\FrameworkException.php on line 39.
 1 SYSTEMPATH\View\View.php(214): CodeIgniter\Exceptions\FrameworkException::forInvalidFile('client/index.php')
 2 SYSTEMPATH\Common.php(1188): CodeIgniter\View\View->render('client/index', [], true)
 3 APPPATH\Controllers\ClientController.php(21): view('client/index')
 4 SYSTEMPATH\CodeIgniter.php(919): App\Controllers\ClientController->product()
 5 SYSTEMPATH\CodeIgniter.php(494): CodeIgniter\CodeIgniter->runController(Object(App\Controllers\ClientController))
 6 SYSTEMPATH\CodeIgniter.php(353): CodeIgniter\CodeIgniter->handleRequest(null, Object(Config\Cache), false)
 7 FCPATH\index.php(79): CodeIgniter\CodeIgniter->run()
CRITICAL - 2023-12-04 09:15:44 --> Invalid file: "client/index.php"
in SYSTEMPATH\Exceptions\FrameworkException.php on line 39.
 1 SYSTEMPATH\View\View.php(214): CodeIgniter\Exceptions\FrameworkException::forInvalidFile('client/index.php')
 2 SYSTEMPATH\Common.php(1188): CodeIgniter\View\View->render('client/index', [], true)
 3 APPPATH\Controllers\ClientController.php(21): view('client/index')
 4 SYSTEMPATH\CodeIgniter.php(919): App\Controllers\ClientController->product()
 5 SYSTEMPATH\CodeIgniter.php(494): CodeIgniter\CodeIgniter->runController(Object(App\Controllers\ClientController))
 6 SYSTEMPATH\CodeIgniter.php(353): CodeIgniter\CodeIgniter->handleRequest(null, Object(Config\Cache), false)
 7 FCPATH\index.php(79): CodeIgniter\CodeIgniter->run()
CRITICAL - 2023-12-04 09:15:45 --> Invalid file: "client/index.php"
in SYSTEMPATH\Exceptions\FrameworkException.php on line 39.
 1 SYSTEMPATH\View\View.php(214): CodeIgniter\Exceptions\FrameworkException::forInvalidFile('client/index.php')
 2 SYSTEMPATH\Common.php(1188): CodeIgniter\View\View->render('client/index', [], true)
 3 APPPATH\Controllers\ClientController.php(21): view('client/index')
 4 SYSTEMPATH\CodeIgniter.php(919): App\Controllers\ClientController->product()
 5 SYSTEMPATH\CodeIgniter.php(494): CodeIgniter\CodeIgniter->runController(Object(App\Controllers\ClientController))
 6 SYSTEMPATH\CodeIgniter.php(353): CodeIgniter\CodeIgniter->handleRequest(null, Object(Config\Cache), false)
 7 FCPATH\index.php(79): CodeIgniter\CodeIgniter->run()
CRITICAL - 2023-12-04 09:16:14 --> Invalid file: "client/index.php"
in SYSTEMPATH\Exceptions\FrameworkException.php on line 39.
 1 SYSTEMPATH\View\View.php(214): CodeIgniter\Exceptions\FrameworkException::forInvalidFile('client/index.php')
 2 SYSTEMPATH\Common.php(1188): CodeIgniter\View\View->render('client/index', [], true)
 3 APPPATH\Controllers\ClientController.php(21): view('client/index')
 4 SYSTEMPATH\CodeIgniter.php(919): App\Controllers\ClientController->product()
 5 SYSTEMPATH\CodeIgniter.php(494): CodeIgniter\CodeIgniter->runController(Object(App\Controllers\ClientController))
 6 SYSTEMPATH\CodeIgniter.php(353): CodeIgniter\CodeIgniter->handleRequest(null, Object(Config\Cache), false)
 7 FCPATH\index.php(79): CodeIgniter\CodeIgniter->run()
INFO - 2023-12-04 09:21:51 --> Session: Class initialized using 'CodeIgniter\Session\Handlers\FileHandler' driver.
INFO - 2023-12-04 09:21:55 --> CSRF token verified.
INFO - 2023-12-04 09:21:55 --> Session: Class initialized using 'CodeIgniter\Session\Handlers\FileHandler' driver.
INFO - 2023-12-04 09:21:56 --> Session: Class initialized using 'CodeIgniter\Session\Handlers\FileHandler' driver.
INFO - 2023-12-04 09:22:35 --> Session: Class initialized using 'CodeIgniter\Session\Handlers\FileHandler' driver.
INFO - 2023-12-04 09:32:17 --> Session: Class initialized using 'CodeIgniter\Session\Handlers\FileHandler' driver.
INFO - 2023-12-04 09:32:21 --> CSRF token verified.
INFO - 2023-12-04 09:32:21 --> Session: Class initialized using 'CodeIgniter\Session\Handlers\FileHandler' driver.
INFO - 2023-12-04 09:32:21 --> Session: Class initialized using 'CodeIgniter\Session\Handlers\FileHandler' driver.
INFO - 2023-12-04 09:41:54 --> Session: Class initialized using 'CodeIgniter\Session\Handlers\FileHandler' driver.
INFO - 2023-12-04 09:42:10 --> CSRF token verified.
INFO - 2023-12-04 09:42:10 --> Session: Class initialized using 'CodeIgniter\Session\Handlers\FileHandler' driver.
INFO - 2023-12-04 09:42:17 --> CSRF token verified.
INFO - 2023-12-04 09:42:17 --> Session: Class initialized using 'CodeIgniter\Session\Handlers\FileHandler' driver.
INFO - 2023-12-04 09:42:25 --> CSRF token verified.
INFO - 2023-12-04 09:42:25 --> Session: Class initialized using 'CodeIgniter\Session\Handlers\FileHandler' driver.
INFO - 2023-12-04 09:46:14 --> Session: Class initialized using 'CodeIgniter\Session\Handlers\FileHandler' driver.
INFO - 2023-12-04 09:46:19 --> CSRF token verified.
CRITICAL - 2023-12-04 09:46:19 --> Call to a member function getValidated() on null
in APPPATH\Controllers\CategoryController.php on line 71.
 1 SYSTEMPATH\CodeIgniter.php(919): App\Controllers\CategoryController->update('2')
 2 SYSTEMPATH\CodeIgniter.php(494): CodeIgniter\CodeIgniter->runController(Object(App\Controllers\CategoryController))
 3 SYSTEMPATH\CodeIgniter.php(353): CodeIgniter\CodeIgniter->handleRequest(null, Object(Config\Cache), false)
 4 FCPATH\index.php(79): CodeIgniter\CodeIgniter->run()
INFO - 2023-12-04 09:46:21 --> Session: Class initialized using 'CodeIgniter\Session\Handlers\FileHandler' driver.
INFO - 2023-12-04 09:46:25 --> CSRF token verified.
CRITICAL - 2023-12-04 09:46:25 --> Call to a member function getValidated() on null
in APPPATH\Controllers\CategoryController.php on line 71.
 1 SYSTEMPATH\CodeIgniter.php(919): App\Controllers\CategoryController->update('2')
 2 SYSTEMPATH\CodeIgniter.php(494): CodeIgniter\CodeIgniter->runController(Object(App\Controllers\CategoryController))
 3 SYSTEMPATH\CodeIgniter.php(353): CodeIgniter\CodeIgniter->handleRequest(null, Object(Config\Cache), false)
 4 FCPATH\index.php(79): CodeIgniter\CodeIgniter->run()
INFO - 2023-12-04 09:46:33 --> Session: Class initialized using 'CodeIgniter\Session\Handlers\FileHandler' driver.
INFO - 2023-12-04 09:46:38 --> CSRF token verified.
CRITICAL - 2023-12-04 09:46:38 --> Call to a member function getValidated() on null
in APPPATH\Controllers\CategoryController.php on line 71.
 1 SYSTEMPATH\CodeIgniter.php(919): App\Controllers\CategoryController->update('27')
 2 SYSTEMPATH\CodeIgniter.php(494): CodeIgniter\CodeIgniter->runController(Object(App\Controllers\CategoryController))
 3 SYSTEMPATH\CodeIgniter.php(353): CodeIgniter\CodeIgniter->handleRequest(null, Object(Config\Cache), false)
 4 FCPATH\index.php(79): CodeIgniter\CodeIgniter->run()
INFO - 2023-12-04 09:48:45 --> CSRF token verified.
INFO - 2023-12-04 09:48:45 --> Session: Class initialized using 'CodeIgniter\Session\Handlers\FileHandler' driver.
INFO - 2023-12-04 09:48:50 --> CSRF token verified.
INFO - 2023-12-04 09:48:50 --> Session: Class initialized using 'CodeIgniter\Session\Handlers\FileHandler' driver.
INFO - 2023-12-04 09:49:01 --> CSRF token verified.
INFO - 2023-12-04 09:49:01 --> Session: Class initialized using 'CodeIgniter\Session\Handlers\FileHandler' driver.
INFO - 2023-12-04 09:49:07 --> CSRF token verified.
INFO - 2023-12-04 09:49:07 --> Session: Class initialized using 'CodeIgniter\Session\Handlers\FileHandler' driver.
INFO - 2023-12-04 09:49:13 --> CSRF token verified.
INFO - 2023-12-04 09:49:13 --> Session: Class initialized using 'CodeIgniter\Session\Handlers\FileHandler' driver.
INFO - 2023-12-04 09:49:15 --> Session: Class initialized using 'CodeIgniter\Session\Handlers\FileHandler' driver.
INFO - 2023-12-04 10:04:40 --> CSRF token verified.
INFO - 2023-12-04 10:04:40 --> Session: Class initialized using 'CodeIgniter\Session\Handlers\FileHandler' driver.
INFO - 2023-12-04 10:04:53 --> CSRF token verified.
INFO - 2023-12-04 10:04:53 --> Session: Class initialized using 'CodeIgniter\Session\Handlers\FileHandler' driver.
INFO - 2023-12-04 10:05:01 --> CSRF token verified.
INFO - 2023-12-04 10:05:01 --> Session: Class initialized using 'CodeIgniter\Session\Handlers\FileHandler' driver.
INFO - 2023-12-04 10:05:15 --> CSRF token verified.
INFO - 2023-12-04 10:05:15 --> Session: Class initialized using 'CodeIgniter\Session\Handlers\FileHandler' driver.
INFO - 2023-12-04 13:39:22 --> Session: Class initialized using 'CodeIgniter\Session\Handlers\FileHandler' driver.
INFO - 2023-12-04 13:39:26 --> CSRF token verified.
INFO - 2023-12-04 13:39:26 --> Session: Class initialized using 'CodeIgniter\Session\Handlers\FileHandler' driver.
INFO - 2023-12-04 13:39:27 --> Session: Class initialized using 'CodeIgniter\Session\Handlers\FileHandler' driver.
INFO - 2023-12-04 13:39:30 --> Session: Class initialized using 'CodeIgniter\Session\Handlers\FileHandler' driver.
