INFO - 2023-12-03 07:28:18 --> Session: Class initialized using 'CodeIgniter\Session\Handlers\FileHandler' driver.
INFO - 2023-12-03 07:28:23 --> CSRF token verified.
INFO - 2023-12-03 07:28:23 --> Session: Class initialized using 'CodeIgniter\Session\Handlers\FileHandler' driver.
INFO - 2023-12-03 07:28:23 --> Session: Class initialized using 'CodeIgniter\Session\Handlers\FileHandler' driver.
INFO - 2023-12-03 07:28:30 --> Session: Class initialized using 'CodeIgniter\Session\Handlers\FileHandler' driver.
INFO - 2023-12-03 07:28:44 --> Session: Class initialized using 'CodeIgniter\Session\Handlers\FileHandler' driver.
INFO - 2023-12-03 07:28:54 --> Session: Class initialized using 'CodeIgniter\Session\Handlers\FileHandler' driver.
INFO - 2023-12-03 07:29:00 --> Session: Class initialized using 'CodeIgniter\Session\Handlers\FileHandler' driver.
INFO - 2023-12-03 07:29:02 --> Session: Class initialized using 'CodeIgniter\Session\Handlers\FileHandler' driver.
INFO - 2023-12-03 07:29:03 --> Session: Class initialized using 'CodeIgniter\Session\Handlers\FileHandler' driver.
INFO - 2023-12-03 07:29:05 --> Session: Class initialized using 'CodeIgniter\Session\Handlers\FileHandler' driver.
INFO - 2023-12-03 07:29:06 --> Session: Class initialized using 'CodeIgniter\Session\Handlers\FileHandler' driver.
INFO - 2023-12-03 07:34:11 --> Session: Class initialized using 'CodeIgniter\Session\Handlers\FileHandler' driver.
INFO - 2023-12-03 07:34:18 --> Session: Class initialized using 'CodeIgniter\Session\Handlers\FileHandler' driver.
INFO - 2023-12-03 07:34:21 --> Session: Class initialized using 'CodeIgniter\Session\Handlers\FileHandler' driver.
INFO - 2023-12-03 07:39:12 --> Session: Class initialized using 'CodeIgniter\Session\Handlers\FileHandler' driver.
INFO - 2023-12-03 07:39:13 --> Session: Class initialized using 'CodeIgniter\Session\Handlers\FileHandler' driver.
INFO - 2023-12-03 07:39:16 --> Session: Class initialized using 'CodeIgniter\Session\Handlers\FileHandler' driver.
INFO - 2023-12-03 07:39:17 --> Session: Class initialized using 'CodeIgniter\Session\Handlers\FileHandler' driver.
INFO - 2023-12-03 07:39:18 --> Session: Class initialized using 'CodeIgniter\Session\Handlers\FileHandler' driver.
INFO - 2023-12-03 07:39:20 --> Session: Class initialized using 'CodeIgniter\Session\Handlers\FileHandler' driver.
INFO - 2023-12-03 07:41:25 --> Session: Class initialized using 'CodeIgniter\Session\Handlers\FileHandler' driver.
INFO - 2023-12-03 07:41:25 --> Session: Class initialized using 'CodeIgniter\Session\Handlers\FileHandler' driver.
INFO - 2023-12-03 07:41:32 --> Session: Class initialized using 'CodeIgniter\Session\Handlers\FileHandler' driver.
INFO - 2023-12-03 07:41:32 --> Session: Class initialized using 'CodeIgniter\Session\Handlers\FileHandler' driver.
INFO - 2023-12-03 07:41:38 --> Session: Class initialized using 'CodeIgniter\Session\Handlers\FileHandler' driver.
INFO - 2023-12-03 07:42:03 --> Session: Class initialized using 'CodeIgniter\Session\Handlers\FileHandler' driver.
CRITICAL - 2023-12-03 07:42:03 --> Undefined variable $user
in APPPATH\Views\admin\account.php on line 12.
 1 APPPATH\Views\admin\account.php(12): CodeIgniter\Debug\Exceptions->errorHandler(2, 'Undefined variable $user', 'C:\\xampp\\htdocs\\showProject_public\\DOAN_websitethuongmai\\app\\Views\\admin\\account.php', 12)
 2 SYSTEMPATH\View\View.php(226): include('C:\\xampp\\htdocs\\showProject_public\\DOAN_websitethuongmai\\app\\Views\\admin\\account.php')
 3 SYSTEMPATH\View\View.php(229): CodeIgniter\View\View->CodeIgniter\View\{closure}()
 4 SYSTEMPATH\Common.php(1188): CodeIgniter\View\View->render('admin/account', [], true)
 5 APPPATH\Controllers\UserController.php(141): view('admin/account', [...])
 6 SYSTEMPATH\CodeIgniter.php(919): App\Controllers\UserController->view()
 7 SYSTEMPATH\CodeIgniter.php(494): CodeIgniter\CodeIgniter->runController(Object(App\Controllers\UserController))
 8 SYSTEMPATH\CodeIgniter.php(353): CodeIgniter\CodeIgniter->handleRequest(null, Object(Config\Cache), false)
 9 FCPATH\index.php(79): CodeIgniter\CodeIgniter->run()
INFO - 2023-12-03 07:42:47 --> Session: Class initialized using 'CodeIgniter\Session\Handlers\FileHandler' driver.
INFO - 2023-12-03 07:45:06 --> Session: Class initialized using 'CodeIgniter\Session\Handlers\FileHandler' driver.
CRITICAL - 2023-12-03 07:45:06 --> Undefined array key "id"
in APPPATH\Views\admin\account.php on line 12.
 1 APPPATH\Views\admin\account.php(12): CodeIgniter\Debug\Exceptions->errorHandler(2, 'Undefined array key "id"', 'C:\\xampp\\htdocs\\showProject_public\\DOAN_websitethuongmai\\app\\Views\\admin\\account.php', 12)
 2 SYSTEMPATH\View\View.php(226): include('C:\\xampp\\htdocs\\showProject_public\\DOAN_websitethuongmai\\app\\Views\\admin\\account.php')
 3 SYSTEMPATH\View\View.php(229): CodeIgniter\View\View->CodeIgniter\View\{closure}()
 4 SYSTEMPATH\Common.php(1188): CodeIgniter\View\View->render('admin/account', [], true)
 5 APPPATH\Controllers\UserController.php(150): view('admin/account', [...])
 6 SYSTEMPATH\CodeIgniter.php(919): App\Controllers\UserController->view()
 7 SYSTEMPATH\CodeIgniter.php(494): CodeIgniter\CodeIgniter->runController(Object(App\Controllers\UserController))
 8 SYSTEMPATH\CodeIgniter.php(353): CodeIgniter\CodeIgniter->handleRequest(null, Object(Config\Cache), false)
 9 FCPATH\index.php(79): CodeIgniter\CodeIgniter->run()
INFO - 2023-12-03 07:46:24 --> Session: Class initialized using 'CodeIgniter\Session\Handlers\FileHandler' driver.
CRITICAL - 2023-12-03 07:46:24 --> Undefined variable $category
in APPPATH\Views\admin\account.php on line 12.
 1 APPPATH\Views\admin\account.php(12): CodeIgniter\Debug\Exceptions->errorHandler(2, 'Undefined variable $category', 'C:\\xampp\\htdocs\\showProject_public\\DOAN_websitethuongmai\\app\\Views\\admin\\account.php', 12)
 2 SYSTEMPATH\View\View.php(226): include('C:\\xampp\\htdocs\\showProject_public\\DOAN_websitethuongmai\\app\\Views\\admin\\account.php')
 3 SYSTEMPATH\View\View.php(229): CodeIgniter\View\View->CodeIgniter\View\{closure}()
 4 SYSTEMPATH\Common.php(1188): CodeIgniter\View\View->render('admin/account', [], true)
 5 APPPATH\Controllers\UserController.php(150): view('admin/account', [...])
 6 SYSTEMPATH\CodeIgniter.php(919): App\Controllers\UserController->view()
 7 SYSTEMPATH\CodeIgniter.php(494): CodeIgniter\CodeIgniter->runController(Object(App\Controllers\UserController))
 8 SYSTEMPATH\CodeIgniter.php(353): CodeIgniter\CodeIgniter->handleRequest(null, Object(Config\Cache), false)
 9 FCPATH\index.php(79): CodeIgniter\CodeIgniter->run()
INFO - 2023-12-03 07:46:59 --> Session: Class initialized using 'CodeIgniter\Session\Handlers\FileHandler' driver.
INFO - 2023-12-03 07:48:58 --> Session: Class initialized using 'CodeIgniter\Session\Handlers\FileHandler' driver.
CRITICAL - 2023-12-03 07:48:58 --> whereIn() expects $values to be of type array or closure
in SYSTEMPATH\Database\BaseBuilder.php on line 939.
 1 SYSTEMPATH\Database\BaseBuilder.php(826): CodeIgniter\Database\BaseBuilder->_whereIn('id', 6, false, 'AND ', null)
 2 SYSTEMPATH\Model.php(871): CodeIgniter\Database\BaseBuilder->whereIn('id', 6)
 3 APPPATH\Models\UserModel.php(31): CodeIgniter\Model->__call('whereIn', [...])
 4 APPPATH\Controllers\UserController.php(146): App\Models\UserModel->getUser()
 5 SYSTEMPATH\CodeIgniter.php(919): App\Controllers\UserController->view()
 6 SYSTEMPATH\CodeIgniter.php(494): CodeIgniter\CodeIgniter->runController(Object(App\Controllers\UserController))
 7 SYSTEMPATH\CodeIgniter.php(353): CodeIgniter\CodeIgniter->handleRequest(null, Object(Config\Cache), false)
 8 FCPATH\index.php(79): CodeIgniter\CodeIgniter->run()
INFO - 2023-12-03 07:49:05 --> Session: Class initialized using 'CodeIgniter\Session\Handlers\FileHandler' driver.
CRITICAL - 2023-12-03 07:49:05 --> whereIn() expects $values to be of type array or closure
in SYSTEMPATH\Database\BaseBuilder.php on line 939.
 1 SYSTEMPATH\Database\BaseBuilder.php(826): CodeIgniter\Database\BaseBuilder->_whereIn('id', '6', false, 'AND ', null)
 2 SYSTEMPATH\Model.php(871): CodeIgniter\Database\BaseBuilder->whereIn('id', '6')
 3 APPPATH\Models\UserModel.php(31): CodeIgniter\Model->__call('whereIn', [...])
 4 APPPATH\Controllers\UserController.php(146): App\Models\UserModel->getUser()
 5 SYSTEMPATH\CodeIgniter.php(919): App\Controllers\UserController->view()
 6 SYSTEMPATH\CodeIgniter.php(494): CodeIgniter\CodeIgniter->runController(Object(App\Controllers\UserController))
 7 SYSTEMPATH\CodeIgniter.php(353): CodeIgniter\CodeIgniter->handleRequest(null, Object(Config\Cache), false)
 8 FCPATH\index.php(79): CodeIgniter\CodeIgniter->run()
INFO - 2023-12-03 07:51:22 --> Session: Class initialized using 'CodeIgniter\Session\Handlers\FileHandler' driver.
INFO - 2023-12-03 07:52:16 --> Session: Class initialized using 'CodeIgniter\Session\Handlers\FileHandler' driver.
CRITICAL - 2023-12-03 07:52:16 --> Cannot access offset of type string on string
in APPPATH\Views\admin\account.php on line 13.
 1 SYSTEMPATH\View\View.php(226): include()
 2 SYSTEMPATH\View\View.php(229): CodeIgniter\View\View->CodeIgniter\View\{closure}()
 3 SYSTEMPATH\Common.php(1188): CodeIgniter\View\View->render('admin/account', [], true)
 4 APPPATH\Controllers\UserController.php(150): view('admin/account', [...])
 5 SYSTEMPATH\CodeIgniter.php(919): App\Controllers\UserController->view()
 6 SYSTEMPATH\CodeIgniter.php(494): CodeIgniter\CodeIgniter->runController(Object(App\Controllers\UserController))
 7 SYSTEMPATH\CodeIgniter.php(353): CodeIgniter\CodeIgniter->handleRequest(null, Object(Config\Cache), false)
 8 FCPATH\index.php(79): CodeIgniter\CodeIgniter->run()
INFO - 2023-12-03 07:52:18 --> Session: Class initialized using 'CodeIgniter\Session\Handlers\FileHandler' driver.
CRITICAL - 2023-12-03 07:52:18 --> Cannot access offset of type string on string
in APPPATH\Views\admin\account.php on line 13.
 1 SYSTEMPATH\View\View.php(226): include()
 2 SYSTEMPATH\View\View.php(229): CodeIgniter\View\View->CodeIgniter\View\{closure}()
 3 SYSTEMPATH\Common.php(1188): CodeIgniter\View\View->render('admin/account', [], true)
 4 APPPATH\Controllers\UserController.php(150): view('admin/account', [...])
 5 SYSTEMPATH\CodeIgniter.php(919): App\Controllers\UserController->view()
 6 SYSTEMPATH\CodeIgniter.php(494): CodeIgniter\CodeIgniter->runController(Object(App\Controllers\UserController))
 7 SYSTEMPATH\CodeIgniter.php(353): CodeIgniter\CodeIgniter->handleRequest(null, Object(Config\Cache), false)
 8 FCPATH\index.php(79): CodeIgniter\CodeIgniter->run()
INFO - 2023-12-03 07:52:34 --> Session: Class initialized using 'CodeIgniter\Session\Handlers\FileHandler' driver.
CRITICAL - 2023-12-03 07:52:34 --> Cannot access offset of type string on string
in APPPATH\Views\admin\account.php on line 13.
 1 SYSTEMPATH\View\View.php(226): include()
 2 SYSTEMPATH\View\View.php(229): CodeIgniter\View\View->CodeIgniter\View\{closure}()
 3 SYSTEMPATH\Common.php(1188): CodeIgniter\View\View->render('admin/account', [], true)
 4 APPPATH\Controllers\UserController.php(150): view('admin/account', [...])
 5 SYSTEMPATH\CodeIgniter.php(919): App\Controllers\UserController->view()
 6 SYSTEMPATH\CodeIgniter.php(494): CodeIgniter\CodeIgniter->runController(Object(App\Controllers\UserController))
 7 SYSTEMPATH\CodeIgniter.php(353): CodeIgniter\CodeIgniter->handleRequest(null, Object(Config\Cache), false)
 8 FCPATH\index.php(79): CodeIgniter\CodeIgniter->run()
INFO - 2023-12-03 07:52:34 --> Session: Class initialized using 'CodeIgniter\Session\Handlers\FileHandler' driver.
CRITICAL - 2023-12-03 07:52:34 --> Cannot access offset of type string on string
in APPPATH\Views\admin\account.php on line 13.
 1 SYSTEMPATH\View\View.php(226): include()
 2 SYSTEMPATH\View\View.php(229): CodeIgniter\View\View->CodeIgniter\View\{closure}()
 3 SYSTEMPATH\Common.php(1188): CodeIgniter\View\View->render('admin/account', [], true)
 4 APPPATH\Controllers\UserController.php(150): view('admin/account', [...])
 5 SYSTEMPATH\CodeIgniter.php(919): App\Controllers\UserController->view()
 6 SYSTEMPATH\CodeIgniter.php(494): CodeIgniter\CodeIgniter->runController(Object(App\Controllers\UserController))
 7 SYSTEMPATH\CodeIgniter.php(353): CodeIgniter\CodeIgniter->handleRequest(null, Object(Config\Cache), false)
 8 FCPATH\index.php(79): CodeIgniter\CodeIgniter->run()
INFO - 2023-12-03 07:52:34 --> Session: Class initialized using 'CodeIgniter\Session\Handlers\FileHandler' driver.
CRITICAL - 2023-12-03 07:52:34 --> Cannot access offset of type string on string
in APPPATH\Views\admin\account.php on line 13.
 1 SYSTEMPATH\View\View.php(226): include()
 2 SYSTEMPATH\View\View.php(229): CodeIgniter\View\View->CodeIgniter\View\{closure}()
 3 SYSTEMPATH\Common.php(1188): CodeIgniter\View\View->render('admin/account', [], true)
 4 APPPATH\Controllers\UserController.php(150): view('admin/account', [...])
 5 SYSTEMPATH\CodeIgniter.php(919): App\Controllers\UserController->view()
 6 SYSTEMPATH\CodeIgniter.php(494): CodeIgniter\CodeIgniter->runController(Object(App\Controllers\UserController))
 7 SYSTEMPATH\CodeIgniter.php(353): CodeIgniter\CodeIgniter->handleRequest(null, Object(Config\Cache), false)
 8 FCPATH\index.php(79): CodeIgniter\CodeIgniter->run()
INFO - 2023-12-03 07:52:34 --> Session: Class initialized using 'CodeIgniter\Session\Handlers\FileHandler' driver.
CRITICAL - 2023-12-03 07:52:35 --> Cannot access offset of type string on string
in APPPATH\Views\admin\account.php on line 13.
 1 SYSTEMPATH\View\View.php(226): include()
 2 SYSTEMPATH\View\View.php(229): CodeIgniter\View\View->CodeIgniter\View\{closure}()
 3 SYSTEMPATH\Common.php(1188): CodeIgniter\View\View->render('admin/account', [], true)
 4 APPPATH\Controllers\UserController.php(150): view('admin/account', [...])
 5 SYSTEMPATH\CodeIgniter.php(919): App\Controllers\UserController->view()
 6 SYSTEMPATH\CodeIgniter.php(494): CodeIgniter\CodeIgniter->runController(Object(App\Controllers\UserController))
 7 SYSTEMPATH\CodeIgniter.php(353): CodeIgniter\CodeIgniter->handleRequest(null, Object(Config\Cache), false)
 8 FCPATH\index.php(79): CodeIgniter\CodeIgniter->run()
INFO - 2023-12-03 07:52:35 --> Session: Class initialized using 'CodeIgniter\Session\Handlers\FileHandler' driver.
CRITICAL - 2023-12-03 07:52:35 --> Cannot access offset of type string on string
in APPPATH\Views\admin\account.php on line 13.
 1 SYSTEMPATH\View\View.php(226): include()
 2 SYSTEMPATH\View\View.php(229): CodeIgniter\View\View->CodeIgniter\View\{closure}()
 3 SYSTEMPATH\Common.php(1188): CodeIgniter\View\View->render('admin/account', [], true)
 4 APPPATH\Controllers\UserController.php(150): view('admin/account', [...])
 5 SYSTEMPATH\CodeIgniter.php(919): App\Controllers\UserController->view()
 6 SYSTEMPATH\CodeIgniter.php(494): CodeIgniter\CodeIgniter->runController(Object(App\Controllers\UserController))
 7 SYSTEMPATH\CodeIgniter.php(353): CodeIgniter\CodeIgniter->handleRequest(null, Object(Config\Cache), false)
 8 FCPATH\index.php(79): CodeIgniter\CodeIgniter->run()
INFO - 2023-12-03 07:52:35 --> Session: Class initialized using 'CodeIgniter\Session\Handlers\FileHandler' driver.
CRITICAL - 2023-12-03 07:52:35 --> Cannot access offset of type string on string
in APPPATH\Views\admin\account.php on line 13.
 1 SYSTEMPATH\View\View.php(226): include()
 2 SYSTEMPATH\View\View.php(229): CodeIgniter\View\View->CodeIgniter\View\{closure}()
 3 SYSTEMPATH\Common.php(1188): CodeIgniter\View\View->render('admin/account', [], true)
 4 APPPATH\Controllers\UserController.php(150): view('admin/account', [...])
 5 SYSTEMPATH\CodeIgniter.php(919): App\Controllers\UserController->view()
 6 SYSTEMPATH\CodeIgniter.php(494): CodeIgniter\CodeIgniter->runController(Object(App\Controllers\UserController))
 7 SYSTEMPATH\CodeIgniter.php(353): CodeIgniter\CodeIgniter->handleRequest(null, Object(Config\Cache), false)
 8 FCPATH\index.php(79): CodeIgniter\CodeIgniter->run()
INFO - 2023-12-03 07:52:35 --> Session: Class initialized using 'CodeIgniter\Session\Handlers\FileHandler' driver.
CRITICAL - 2023-12-03 07:52:35 --> Cannot access offset of type string on string
in APPPATH\Views\admin\account.php on line 13.
 1 SYSTEMPATH\View\View.php(226): include()
 2 SYSTEMPATH\View\View.php(229): CodeIgniter\View\View->CodeIgniter\View\{closure}()
 3 SYSTEMPATH\Common.php(1188): CodeIgniter\View\View->render('admin/account', [], true)
 4 APPPATH\Controllers\UserController.php(150): view('admin/account', [...])
 5 SYSTEMPATH\CodeIgniter.php(919): App\Controllers\UserController->view()
 6 SYSTEMPATH\CodeIgniter.php(494): CodeIgniter\CodeIgniter->runController(Object(App\Controllers\UserController))
 7 SYSTEMPATH\CodeIgniter.php(353): CodeIgniter\CodeIgniter->handleRequest(null, Object(Config\Cache), false)
 8 FCPATH\index.php(79): CodeIgniter\CodeIgniter->run()
CRITICAL - 2023-12-03 07:53:35 --> Undefined global variable $_SESSION
in APPPATH\Views\admin\account.php on line 13.
 1 APPPATH\Views\admin\account.php(13): CodeIgniter\Debug\Exceptions->errorHandler(2, 'Undefined global variable $_SESSION', 'C:\\xampp\\htdocs\\showProject_public\\DOAN_websitethuongmai\\app\\Views\\admin\\account.php', 13)
 2 SYSTEMPATH\View\View.php(226): include('C:\\xampp\\htdocs\\showProject_public\\DOAN_websitethuongmai\\app\\Views\\admin\\account.php')
 3 SYSTEMPATH\View\View.php(229): CodeIgniter\View\View->CodeIgniter\View\{closure}()
 4 SYSTEMPATH\Common.php(1188): CodeIgniter\View\View->render('admin/account', [], true)
 5 APPPATH\Controllers\UserController.php(134): view('admin/account', [...])
 6 SYSTEMPATH\CodeIgniter.php(919): App\Controllers\UserController->view()
 7 SYSTEMPATH\CodeIgniter.php(494): CodeIgniter\CodeIgniter->runController(Object(App\Controllers\UserController))
 8 SYSTEMPATH\CodeIgniter.php(353): CodeIgniter\CodeIgniter->handleRequest(null, Object(Config\Cache), false)
 9 FCPATH\index.php(79): CodeIgniter\CodeIgniter->run()
CRITICAL - 2023-12-03 07:53:35 --> Undefined global variable $_SESSION
in APPPATH\Views\admin\account.php on line 13.
 1 APPPATH\Views\admin\account.php(13): CodeIgniter\Debug\Exceptions->errorHandler(2, 'Undefined global variable $_SESSION', 'C:\\xampp\\htdocs\\showProject_public\\DOAN_websitethuongmai\\app\\Views\\admin\\account.php', 13)
 2 SYSTEMPATH\View\View.php(226): include('C:\\xampp\\htdocs\\showProject_public\\DOAN_websitethuongmai\\app\\Views\\admin\\account.php')
 3 SYSTEMPATH\View\View.php(229): CodeIgniter\View\View->CodeIgniter\View\{closure}()
 4 SYSTEMPATH\Common.php(1188): CodeIgniter\View\View->render('admin/account', [], true)
 5 APPPATH\Controllers\UserController.php(134): view('admin/account', [...])
 6 SYSTEMPATH\CodeIgniter.php(919): App\Controllers\UserController->view()
 7 SYSTEMPATH\CodeIgniter.php(494): CodeIgniter\CodeIgniter->runController(Object(App\Controllers\UserController))
 8 SYSTEMPATH\CodeIgniter.php(353): CodeIgniter\CodeIgniter->handleRequest(null, Object(Config\Cache), false)
 9 FCPATH\index.php(79): CodeIgniter\CodeIgniter->run()
CRITICAL - 2023-12-03 07:53:37 --> Undefined global variable $_SESSION
in APPPATH\Views\admin\account.php on line 13.
 1 APPPATH\Views\admin\account.php(13): CodeIgniter\Debug\Exceptions->errorHandler(2, 'Undefined global variable $_SESSION', 'C:\\xampp\\htdocs\\showProject_public\\DOAN_websitethuongmai\\app\\Views\\admin\\account.php', 13)
 2 SYSTEMPATH\View\View.php(226): include('C:\\xampp\\htdocs\\showProject_public\\DOAN_websitethuongmai\\app\\Views\\admin\\account.php')
 3 SYSTEMPATH\View\View.php(229): CodeIgniter\View\View->CodeIgniter\View\{closure}()
 4 SYSTEMPATH\Common.php(1188): CodeIgniter\View\View->render('admin/account', [], true)
 5 APPPATH\Controllers\UserController.php(134): view('admin/account', [...])
 6 SYSTEMPATH\CodeIgniter.php(919): App\Controllers\UserController->view()
 7 SYSTEMPATH\CodeIgniter.php(494): CodeIgniter\CodeIgniter->runController(Object(App\Controllers\UserController))
 8 SYSTEMPATH\CodeIgniter.php(353): CodeIgniter\CodeIgniter->handleRequest(null, Object(Config\Cache), false)
 9 FCPATH\index.php(79): CodeIgniter\CodeIgniter->run()
CRITICAL - 2023-12-03 07:53:37 --> Undefined global variable $_SESSION
in APPPATH\Views\admin\account.php on line 13.
 1 APPPATH\Views\admin\account.php(13): CodeIgniter\Debug\Exceptions->errorHandler(2, 'Undefined global variable $_SESSION', 'C:\\xampp\\htdocs\\showProject_public\\DOAN_websitethuongmai\\app\\Views\\admin\\account.php', 13)
 2 SYSTEMPATH\View\View.php(226): include('C:\\xampp\\htdocs\\showProject_public\\DOAN_websitethuongmai\\app\\Views\\admin\\account.php')
 3 SYSTEMPATH\View\View.php(229): CodeIgniter\View\View->CodeIgniter\View\{closure}()
 4 SYSTEMPATH\Common.php(1188): CodeIgniter\View\View->render('admin/account', [], true)
 5 APPPATH\Controllers\UserController.php(134): view('admin/account', [...])
 6 SYSTEMPATH\CodeIgniter.php(919): App\Controllers\UserController->view()
 7 SYSTEMPATH\CodeIgniter.php(494): CodeIgniter\CodeIgniter->runController(Object(App\Controllers\UserController))
 8 SYSTEMPATH\CodeIgniter.php(353): CodeIgniter\CodeIgniter->handleRequest(null, Object(Config\Cache), false)
 9 FCPATH\index.php(79): CodeIgniter\CodeIgniter->run()
INFO - 2023-12-03 07:53:44 --> Session: Class initialized using 'CodeIgniter\Session\Handlers\FileHandler' driver.
INFO - 2023-12-03 07:53:47 --> Session: Class initialized using 'CodeIgniter\Session\Handlers\FileHandler' driver.
INFO - 2023-12-03 07:53:48 --> Session: Class initialized using 'CodeIgniter\Session\Handlers\FileHandler' driver.
INFO - 2023-12-03 07:53:48 --> Session: Class initialized using 'CodeIgniter\Session\Handlers\FileHandler' driver.
INFO - 2023-12-03 07:57:04 --> Session: Class initialized using 'CodeIgniter\Session\Handlers\FileHandler' driver.
INFO - 2023-12-03 07:57:15 --> Session: Class initialized using 'CodeIgniter\Session\Handlers\FileHandler' driver.
INFO - 2023-12-03 07:57:44 --> Session: Class initialized using 'CodeIgniter\Session\Handlers\FileHandler' driver.
INFO - 2023-12-03 07:57:46 --> Session: Class initialized using 'CodeIgniter\Session\Handlers\FileHandler' driver.
INFO - 2023-12-03 08:03:48 --> Session: Class initialized using 'CodeIgniter\Session\Handlers\FileHandler' driver.
CRITICAL - 2023-12-03 08:08:52 --> syntax error, unexpected token "("
in APPPATH\Controllers\UserController.php on line 115.
 1 SYSTEMPATH\Autoloader\Autoloader.php(285): CodeIgniter\Autoloader\Autoloader->includeFile('C:\\xampp\\htdocs\\showProject_public\\DOAN_websitethuongmai\\app\\Controllers\\UserController.php')
 2 SYSTEMPATH\Autoloader\Autoloader.php(263): CodeIgniter\Autoloader\Autoloader->loadInNamespace('App\\Controllers\\UserController')
 3 [internal function]: CodeIgniter\Autoloader\Autoloader->loadClass('App\\Controllers\\UserController')
 4 SYSTEMPATH\CodeIgniter.php(877): class_exists('\\App\\Controllers\\UserController', true)
 5 SYSTEMPATH\CodeIgniter.php(481): CodeIgniter\CodeIgniter->startController()
 6 SYSTEMPATH\CodeIgniter.php(353): CodeIgniter\CodeIgniter->handleRequest(null, Object(Config\Cache), false)
 7 FCPATH\index.php(79): CodeIgniter\CodeIgniter->run()
CRITICAL - 2023-12-03 08:08:53 --> syntax error, unexpected token "("
in APPPATH\Controllers\UserController.php on line 115.
 1 SYSTEMPATH\Autoloader\Autoloader.php(285): CodeIgniter\Autoloader\Autoloader->includeFile('C:\\xampp\\htdocs\\showProject_public\\DOAN_websitethuongmai\\app\\Controllers\\UserController.php')
 2 SYSTEMPATH\Autoloader\Autoloader.php(263): CodeIgniter\Autoloader\Autoloader->loadInNamespace('App\\Controllers\\UserController')
 3 [internal function]: CodeIgniter\Autoloader\Autoloader->loadClass('App\\Controllers\\UserController')
 4 SYSTEMPATH\CodeIgniter.php(877): class_exists('\\App\\Controllers\\UserController', true)
 5 SYSTEMPATH\CodeIgniter.php(481): CodeIgniter\CodeIgniter->startController()
 6 SYSTEMPATH\CodeIgniter.php(353): CodeIgniter\CodeIgniter->handleRequest(null, Object(Config\Cache), false)
 7 FCPATH\index.php(79): CodeIgniter\CodeIgniter->run()
CRITICAL - 2023-12-03 08:08:54 --> syntax error, unexpected token "("
in APPPATH\Controllers\UserController.php on line 115.
 1 SYSTEMPATH\Autoloader\Autoloader.php(285): CodeIgniter\Autoloader\Autoloader->includeFile('C:\\xampp\\htdocs\\showProject_public\\DOAN_websitethuongmai\\app\\Controllers\\UserController.php')
 2 SYSTEMPATH\Autoloader\Autoloader.php(263): CodeIgniter\Autoloader\Autoloader->loadInNamespace('App\\Controllers\\UserController')
 3 [internal function]: CodeIgniter\Autoloader\Autoloader->loadClass('App\\Controllers\\UserController')
 4 SYSTEMPATH\CodeIgniter.php(877): class_exists('\\App\\Controllers\\UserController', true)
 5 SYSTEMPATH\CodeIgniter.php(481): CodeIgniter\CodeIgniter->startController()
 6 SYSTEMPATH\CodeIgniter.php(353): CodeIgniter\CodeIgniter->handleRequest(null, Object(Config\Cache), false)
 7 FCPATH\index.php(79): CodeIgniter\CodeIgniter->run()
INFO - 2023-12-03 08:09:00 --> Session: Class initialized using 'CodeIgniter\Session\Handlers\FileHandler' driver.
INFO - 2023-12-03 08:09:13 --> CSRF token verified.
CRITICAL - 2023-12-03 08:09:13 --> Call to a member function getValidated() on null
in APPPATH\Controllers\UserController.php on line 118.
 1 SYSTEMPATH\CodeIgniter.php(919): App\Controllers\UserController->update('6')
 2 SYSTEMPATH\CodeIgniter.php(494): CodeIgniter\CodeIgniter->runController(Object(App\Controllers\UserController))
 3 SYSTEMPATH\CodeIgniter.php(353): CodeIgniter\CodeIgniter->handleRequest(null, Object(Config\Cache), false)
 4 FCPATH\index.php(79): CodeIgniter\CodeIgniter->run()
INFO - 2023-12-03 08:09:49 --> CSRF token verified.
INFO - 2023-12-03 08:09:49 --> Session: Class initialized using 'CodeIgniter\Session\Handlers\FileHandler' driver.
INFO - 2023-12-03 08:09:59 --> CSRF token verified.
INFO - 2023-12-03 08:09:59 --> Session: Class initialized using 'CodeIgniter\Session\Handlers\FileHandler' driver.
INFO - 2023-12-03 08:10:04 --> Session: Class initialized using 'CodeIgniter\Session\Handlers\FileHandler' driver.
INFO - 2023-12-03 08:10:06 --> Session: Class initialized using 'CodeIgniter\Session\Handlers\FileHandler' driver.
INFO - 2023-12-03 08:10:07 --> Session: Class initialized using 'CodeIgniter\Session\Handlers\FileHandler' driver.
INFO - 2023-12-03 08:10:30 --> Session: Class initialized using 'CodeIgniter\Session\Handlers\FileHandler' driver.
INFO - 2023-12-03 08:10:35 --> CSRF token verified.
INFO - 2023-12-03 08:10:35 --> Session: Class initialized using 'CodeIgniter\Session\Handlers\FileHandler' driver.
INFO - 2023-12-03 08:10:46 --> Session: Class initialized using 'CodeIgniter\Session\Handlers\FileHandler' driver.
INFO - 2023-12-03 08:15:00 --> Session: Class initialized using 'CodeIgniter\Session\Handlers\FileHandler' driver.
INFO - 2023-12-03 08:15:01 --> Session: Class initialized using 'CodeIgniter\Session\Handlers\FileHandler' driver.
INFO - 2023-12-03 08:15:02 --> Session: Class initialized using 'CodeIgniter\Session\Handlers\FileHandler' driver.
INFO - 2023-12-03 08:15:35 --> Session: Class initialized using 'CodeIgniter\Session\Handlers\FileHandler' driver.
CRITICAL - 2023-12-03 08:15:35 --> Undefined array key "u_avatar"
in APPPATH\Views\admin\includes\header.php on line 215.
 1 APPPATH\Views\admin\includes\header.php(215): CodeIgniter\Debug\Exceptions->errorHandler(2, 'Undefined array key "u_avatar"', 'C:\\xampp\\htdocs\\showProject_public\\DOAN_websitethuongmai\\app\\Views\\admin\\includes\\header.php', 215)
 2 SYSTEMPATH\View\View.php(226): include('C:\\xampp\\htdocs\\showProject_public\\DOAN_websitethuongmai\\app\\Views\\admin\\includes\\header.php')
 3 SYSTEMPATH\View\View.php(229): CodeIgniter\View\View->CodeIgniter\View\{closure}()
 4 SYSTEMPATH\Common.php(1188): CodeIgniter\View\View->render('admin/includes/header', [], true)
 5 APPPATH\Controllers\UserController.php(110): view('admin/includes/header')
 6 SYSTEMPATH\CodeIgniter.php(919): App\Controllers\UserController->view()
 7 SYSTEMPATH\CodeIgniter.php(494): CodeIgniter\CodeIgniter->runController(Object(App\Controllers\UserController))
 8 SYSTEMPATH\CodeIgniter.php(353): CodeIgniter\CodeIgniter->handleRequest(null, Object(Config\Cache), false)
 9 FCPATH\index.php(79): CodeIgniter\CodeIgniter->run()
INFO - 2023-12-03 08:16:18 --> Session: Class initialized using 'CodeIgniter\Session\Handlers\FileHandler' driver.
CRITICAL - 2023-12-03 08:16:18 --> Undefined array key "u_avatar"
in APPPATH\Views\admin\includes\header.php on line 217.
 1 APPPATH\Views\admin\includes\header.php(217): CodeIgniter\Debug\Exceptions->errorHandler(2, 'Undefined array key "u_avatar"', 'C:\\xampp\\htdocs\\showProject_public\\DOAN_websitethuongmai\\app\\Views\\admin\\includes\\header.php', 217)
 2 SYSTEMPATH\View\View.php(226): include('C:\\xampp\\htdocs\\showProject_public\\DOAN_websitethuongmai\\app\\Views\\admin\\includes\\header.php')
 3 SYSTEMPATH\View\View.php(229): CodeIgniter\View\View->CodeIgniter\View\{closure}()
 4 SYSTEMPATH\Common.php(1188): CodeIgniter\View\View->render('admin/includes/header', [], true)
 5 APPPATH\Controllers\UserController.php(110): view('admin/includes/header')
 6 SYSTEMPATH\CodeIgniter.php(919): App\Controllers\UserController->view()
 7 SYSTEMPATH\CodeIgniter.php(494): CodeIgniter\CodeIgniter->runController(Object(App\Controllers\UserController))
 8 SYSTEMPATH\CodeIgniter.php(353): CodeIgniter\CodeIgniter->handleRequest(null, Object(Config\Cache), false)
 9 FCPATH\index.php(79): CodeIgniter\CodeIgniter->run()
INFO - 2023-12-03 08:16:19 --> Session: Class initialized using 'CodeIgniter\Session\Handlers\FileHandler' driver.
CRITICAL - 2023-12-03 08:16:19 --> Undefined array key "u_avatar"
in APPPATH\Views\admin\includes\header.php on line 217.
 1 APPPATH\Views\admin\includes\header.php(217): CodeIgniter\Debug\Exceptions->errorHandler(2, 'Undefined array key "u_avatar"', 'C:\\xampp\\htdocs\\showProject_public\\DOAN_websitethuongmai\\app\\Views\\admin\\includes\\header.php', 217)
 2 SYSTEMPATH\View\View.php(226): include('C:\\xampp\\htdocs\\showProject_public\\DOAN_websitethuongmai\\app\\Views\\admin\\includes\\header.php')
 3 SYSTEMPATH\View\View.php(229): CodeIgniter\View\View->CodeIgniter\View\{closure}()
 4 SYSTEMPATH\Common.php(1188): CodeIgniter\View\View->render('admin/includes/header', [], true)
 5 APPPATH\Controllers\UserController.php(110): view('admin/includes/header')
 6 SYSTEMPATH\CodeIgniter.php(919): App\Controllers\UserController->view()
 7 SYSTEMPATH\CodeIgniter.php(494): CodeIgniter\CodeIgniter->runController(Object(App\Controllers\UserController))
 8 SYSTEMPATH\CodeIgniter.php(353): CodeIgniter\CodeIgniter->handleRequest(null, Object(Config\Cache), false)
 9 FCPATH\index.php(79): CodeIgniter\CodeIgniter->run()
INFO - 2023-12-03 08:17:12 --> Session: Class initialized using 'CodeIgniter\Session\Handlers\FileHandler' driver.
INFO - 2023-12-03 08:17:13 --> Session: Class initialized using 'CodeIgniter\Session\Handlers\FileHandler' driver.
INFO - 2023-12-03 08:17:13 --> Session: Class initialized using 'CodeIgniter\Session\Handlers\FileHandler' driver.
INFO - 2023-12-03 08:17:13 --> Session: Class initialized using 'CodeIgniter\Session\Handlers\FileHandler' driver.
INFO - 2023-12-03 08:17:14 --> Session: Class initialized using 'CodeIgniter\Session\Handlers\FileHandler' driver.
INFO - 2023-12-03 08:17:27 --> Session: Class initialized using 'CodeIgniter\Session\Handlers\FileHandler' driver.
INFO - 2023-12-03 08:17:28 --> Session: Class initialized using 'CodeIgniter\Session\Handlers\FileHandler' driver.
INFO - 2023-12-03 08:19:51 --> Session: Class initialized using 'CodeIgniter\Session\Handlers\FileHandler' driver.
INFO - 2023-12-03 08:19:52 --> Session: Class initialized using 'CodeIgniter\Session\Handlers\FileHandler' driver.
INFO - 2023-12-03 08:19:53 --> Session: Class initialized using 'CodeIgniter\Session\Handlers\FileHandler' driver.
INFO - 2023-12-03 08:20:00 --> CSRF token verified.
INFO - 2023-12-03 08:20:00 --> Session: Class initialized using 'CodeIgniter\Session\Handlers\FileHandler' driver.
INFO - 2023-12-03 08:20:00 --> Session: Class initialized using 'CodeIgniter\Session\Handlers\FileHandler' driver.
INFO - 2023-12-03 08:20:04 --> CSRF token verified.
INFO - 2023-12-03 08:20:04 --> Session: Class initialized using 'CodeIgniter\Session\Handlers\FileHandler' driver.
INFO - 2023-12-03 08:20:04 --> Session: Class initialized using 'CodeIgniter\Session\Handlers\FileHandler' driver.
INFO - 2023-12-03 08:20:38 --> Session: Class initialized using 'CodeIgniter\Session\Handlers\FileHandler' driver.
CRITICAL - 2023-12-03 08:20:38 --> Undefined array key "u_avatar"
in APPPATH\Views\admin\includes\header.php on line 234.
 1 APPPATH\Views\admin\includes\header.php(234): CodeIgniter\Debug\Exceptions->errorHandler(2, 'Undefined array key "u_avatar"', 'C:\\xampp\\htdocs\\showProject_public\\DOAN_websitethuongmai\\app\\Views\\admin\\includes\\header.php', 234)
 2 SYSTEMPATH\View\View.php(226): include('C:\\xampp\\htdocs\\showProject_public\\DOAN_websitethuongmai\\app\\Views\\admin\\includes\\header.php')
 3 SYSTEMPATH\View\View.php(229): CodeIgniter\View\View->CodeIgniter\View\{closure}()
 4 SYSTEMPATH\Common.php(1188): CodeIgniter\View\View->render('admin/includes/header', [], true)
 5 APPPATH\Controllers\DashboardController.php(22): view('admin/includes/header')
 6 SYSTEMPATH\CodeIgniter.php(919): App\Controllers\DashboardController->index()
 7 SYSTEMPATH\CodeIgniter.php(494): CodeIgniter\CodeIgniter->runController(Object(App\Controllers\DashboardController))
 8 SYSTEMPATH\CodeIgniter.php(353): CodeIgniter\CodeIgniter->handleRequest(null, Object(Config\Cache), false)
 9 FCPATH\index.php(79): CodeIgniter\CodeIgniter->run()
INFO - 2023-12-03 08:23:17 --> Session: Class initialized using 'CodeIgniter\Session\Handlers\FileHandler' driver.
CRITICAL - 2023-12-03 08:23:17 --> Undefined array key "u_avatar"
in APPPATH\Views\admin\includes\header.php on line 234.
 1 APPPATH\Views\admin\includes\header.php(234): CodeIgniter\Debug\Exceptions->errorHandler(2, 'Undefined array key "u_avatar"', 'C:\\xampp\\htdocs\\showProject_public\\DOAN_websitethuongmai\\app\\Views\\admin\\includes\\header.php', 234)
 2 SYSTEMPATH\View\View.php(226): include('C:\\xampp\\htdocs\\showProject_public\\DOAN_websitethuongmai\\app\\Views\\admin\\includes\\header.php')
 3 SYSTEMPATH\View\View.php(229): CodeIgniter\View\View->CodeIgniter\View\{closure}()
 4 SYSTEMPATH\Common.php(1188): CodeIgniter\View\View->render('admin/includes/header', [], true)
 5 APPPATH\Controllers\DashboardController.php(22): view('admin/includes/header')
 6 SYSTEMPATH\CodeIgniter.php(919): App\Controllers\DashboardController->index()
 7 SYSTEMPATH\CodeIgniter.php(494): CodeIgniter\CodeIgniter->runController(Object(App\Controllers\DashboardController))
 8 SYSTEMPATH\CodeIgniter.php(353): CodeIgniter\CodeIgniter->handleRequest(null, Object(Config\Cache), false)
 9 FCPATH\index.php(79): CodeIgniter\CodeIgniter->run()
INFO - 2023-12-03 08:23:18 --> Session: Class initialized using 'CodeIgniter\Session\Handlers\FileHandler' driver.
CRITICAL - 2023-12-03 08:23:18 --> Undefined array key "u_avatar"
in APPPATH\Views\admin\includes\header.php on line 234.
 1 APPPATH\Views\admin\includes\header.php(234): CodeIgniter\Debug\Exceptions->errorHandler(2, 'Undefined array key "u_avatar"', 'C:\\xampp\\htdocs\\showProject_public\\DOAN_websitethuongmai\\app\\Views\\admin\\includes\\header.php', 234)
 2 SYSTEMPATH\View\View.php(226): include('C:\\xampp\\htdocs\\showProject_public\\DOAN_websitethuongmai\\app\\Views\\admin\\includes\\header.php')
 3 SYSTEMPATH\View\View.php(229): CodeIgniter\View\View->CodeIgniter\View\{closure}()
 4 SYSTEMPATH\Common.php(1188): CodeIgniter\View\View->render('admin/includes/header', [], true)
 5 APPPATH\Controllers\DashboardController.php(22): view('admin/includes/header')
 6 SYSTEMPATH\CodeIgniter.php(919): App\Controllers\DashboardController->index()
 7 SYSTEMPATH\CodeIgniter.php(494): CodeIgniter\CodeIgniter->runController(Object(App\Controllers\DashboardController))
 8 SYSTEMPATH\CodeIgniter.php(353): CodeIgniter\CodeIgniter->handleRequest(null, Object(Config\Cache), false)
 9 FCPATH\index.php(79): CodeIgniter\CodeIgniter->run()
INFO - 2023-12-03 08:23:18 --> Session: Class initialized using 'CodeIgniter\Session\Handlers\FileHandler' driver.
CRITICAL - 2023-12-03 08:23:18 --> Undefined array key "u_avatar"
in APPPATH\Views\admin\includes\header.php on line 234.
 1 APPPATH\Views\admin\includes\header.php(234): CodeIgniter\Debug\Exceptions->errorHandler(2, 'Undefined array key "u_avatar"', 'C:\\xampp\\htdocs\\showProject_public\\DOAN_websitethuongmai\\app\\Views\\admin\\includes\\header.php', 234)
 2 SYSTEMPATH\View\View.php(226): include('C:\\xampp\\htdocs\\showProject_public\\DOAN_websitethuongmai\\app\\Views\\admin\\includes\\header.php')
 3 SYSTEMPATH\View\View.php(229): CodeIgniter\View\View->CodeIgniter\View\{closure}()
 4 SYSTEMPATH\Common.php(1188): CodeIgniter\View\View->render('admin/includes/header', [], true)
 5 APPPATH\Controllers\DashboardController.php(22): view('admin/includes/header')
 6 SYSTEMPATH\CodeIgniter.php(919): App\Controllers\DashboardController->index()
 7 SYSTEMPATH\CodeIgniter.php(494): CodeIgniter\CodeIgniter->runController(Object(App\Controllers\DashboardController))
 8 SYSTEMPATH\CodeIgniter.php(353): CodeIgniter\CodeIgniter->handleRequest(null, Object(Config\Cache), false)
 9 FCPATH\index.php(79): CodeIgniter\CodeIgniter->run()
INFO - 2023-12-03 08:23:19 --> Session: Class initialized using 'CodeIgniter\Session\Handlers\FileHandler' driver.
CRITICAL - 2023-12-03 08:23:19 --> Undefined array key "u_avatar"
in APPPATH\Views\admin\includes\header.php on line 234.
 1 APPPATH\Views\admin\includes\header.php(234): CodeIgniter\Debug\Exceptions->errorHandler(2, 'Undefined array key "u_avatar"', 'C:\\xampp\\htdocs\\showProject_public\\DOAN_websitethuongmai\\app\\Views\\admin\\includes\\header.php', 234)
 2 SYSTEMPATH\View\View.php(226): include('C:\\xampp\\htdocs\\showProject_public\\DOAN_websitethuongmai\\app\\Views\\admin\\includes\\header.php')
 3 SYSTEMPATH\View\View.php(229): CodeIgniter\View\View->CodeIgniter\View\{closure}()
 4 SYSTEMPATH\Common.php(1188): CodeIgniter\View\View->render('admin/includes/header', [], true)
 5 APPPATH\Controllers\DashboardController.php(22): view('admin/includes/header')
 6 SYSTEMPATH\CodeIgniter.php(919): App\Controllers\DashboardController->index()
 7 SYSTEMPATH\CodeIgniter.php(494): CodeIgniter\CodeIgniter->runController(Object(App\Controllers\DashboardController))
 8 SYSTEMPATH\CodeIgniter.php(353): CodeIgniter\CodeIgniter->handleRequest(null, Object(Config\Cache), false)
 9 FCPATH\index.php(79): CodeIgniter\CodeIgniter->run()
INFO - 2023-12-03 08:23:19 --> Session: Class initialized using 'CodeIgniter\Session\Handlers\FileHandler' driver.
CRITICAL - 2023-12-03 08:23:19 --> Undefined array key "u_avatar"
in APPPATH\Views\admin\includes\header.php on line 234.
 1 APPPATH\Views\admin\includes\header.php(234): CodeIgniter\Debug\Exceptions->errorHandler(2, 'Undefined array key "u_avatar"', 'C:\\xampp\\htdocs\\showProject_public\\DOAN_websitethuongmai\\app\\Views\\admin\\includes\\header.php', 234)
 2 SYSTEMPATH\View\View.php(226): include('C:\\xampp\\htdocs\\showProject_public\\DOAN_websitethuongmai\\app\\Views\\admin\\includes\\header.php')
 3 SYSTEMPATH\View\View.php(229): CodeIgniter\View\View->CodeIgniter\View\{closure}()
 4 SYSTEMPATH\Common.php(1188): CodeIgniter\View\View->render('admin/includes/header', [], true)
 5 APPPATH\Controllers\DashboardController.php(22): view('admin/includes/header')
 6 SYSTEMPATH\CodeIgniter.php(919): App\Controllers\DashboardController->index()
 7 SYSTEMPATH\CodeIgniter.php(494): CodeIgniter\CodeIgniter->runController(Object(App\Controllers\DashboardController))
 8 SYSTEMPATH\CodeIgniter.php(353): CodeIgniter\CodeIgniter->handleRequest(null, Object(Config\Cache), false)
 9 FCPATH\index.php(79): CodeIgniter\CodeIgniter->run()
INFO - 2023-12-03 08:23:19 --> Session: Class initialized using 'CodeIgniter\Session\Handlers\FileHandler' driver.
CRITICAL - 2023-12-03 08:23:19 --> Undefined array key "u_avatar"
in APPPATH\Views\admin\includes\header.php on line 234.
 1 APPPATH\Views\admin\includes\header.php(234): CodeIgniter\Debug\Exceptions->errorHandler(2, 'Undefined array key "u_avatar"', 'C:\\xampp\\htdocs\\showProject_public\\DOAN_websitethuongmai\\app\\Views\\admin\\includes\\header.php', 234)
 2 SYSTEMPATH\View\View.php(226): include('C:\\xampp\\htdocs\\showProject_public\\DOAN_websitethuongmai\\app\\Views\\admin\\includes\\header.php')
 3 SYSTEMPATH\View\View.php(229): CodeIgniter\View\View->CodeIgniter\View\{closure}()
 4 SYSTEMPATH\Common.php(1188): CodeIgniter\View\View->render('admin/includes/header', [], true)
 5 APPPATH\Controllers\DashboardController.php(22): view('admin/includes/header')
 6 SYSTEMPATH\CodeIgniter.php(919): App\Controllers\DashboardController->index()
 7 SYSTEMPATH\CodeIgniter.php(494): CodeIgniter\CodeIgniter->runController(Object(App\Controllers\DashboardController))
 8 SYSTEMPATH\CodeIgniter.php(353): CodeIgniter\CodeIgniter->handleRequest(null, Object(Config\Cache), false)
 9 FCPATH\index.php(79): CodeIgniter\CodeIgniter->run()
INFO - 2023-12-03 08:23:20 --> Session: Class initialized using 'CodeIgniter\Session\Handlers\FileHandler' driver.
INFO - 2023-12-03 08:23:21 --> Session: Class initialized using 'CodeIgniter\Session\Handlers\FileHandler' driver.
INFO - 2023-12-03 08:23:24 --> CSRF token verified.
INFO - 2023-12-03 08:23:24 --> Session: Class initialized using 'CodeIgniter\Session\Handlers\FileHandler' driver.
INFO - 2023-12-03 08:23:24 --> Session: Class initialized using 'CodeIgniter\Session\Handlers\FileHandler' driver.
INFO - 2023-12-03 08:23:40 --> Session: Class initialized using 'CodeIgniter\Session\Handlers\FileHandler' driver.
INFO - 2023-12-03 08:25:08 --> Session: Class initialized using 'CodeIgniter\Session\Handlers\FileHandler' driver.
INFO - 2023-12-03 08:25:14 --> Session: Class initialized using 'CodeIgniter\Session\Handlers\FileHandler' driver.
INFO - 2023-12-03 08:25:22 --> CSRF token verified.
INFO - 2023-12-03 08:25:22 --> Session: Class initialized using 'CodeIgniter\Session\Handlers\FileHandler' driver.
INFO - 2023-12-03 08:25:22 --> Session: Class initialized using 'CodeIgniter\Session\Handlers\FileHandler' driver.
INFO - 2023-12-03 08:25:25 --> CSRF token verified.
INFO - 2023-12-03 08:25:25 --> Session: Class initialized using 'CodeIgniter\Session\Handlers\FileHandler' driver.
INFO - 2023-12-03 08:25:25 --> Session: Class initialized using 'CodeIgniter\Session\Handlers\FileHandler' driver.
INFO - 2023-12-03 08:25:37 --> Session: Class initialized using 'CodeIgniter\Session\Handlers\FileHandler' driver.
INFO - 2023-12-03 08:26:00 --> Session: Class initialized using 'CodeIgniter\Session\Handlers\FileHandler' driver.
INFO - 2023-12-03 08:26:44 --> Session: Class initialized using 'CodeIgniter\Session\Handlers\FileHandler' driver.
INFO - 2023-12-03 08:26:55 --> Session: Class initialized using 'CodeIgniter\Session\Handlers\FileHandler' driver.
INFO - 2023-12-03 08:27:16 --> Session: Class initialized using 'CodeIgniter\Session\Handlers\FileHandler' driver.
INFO - 2023-12-03 08:27:26 --> Session: Class initialized using 'CodeIgniter\Session\Handlers\FileHandler' driver.
INFO - 2023-12-03 08:27:30 --> Session: Class initialized using 'CodeIgniter\Session\Handlers\FileHandler' driver.
