ERROR - 2023-12-13 06:20:50 --> Error connecting to the database: mysqli_sql_exception: Unknown database 'doan_websitethuongmai' in C:\xampp\htdocs\DOAN_websitethuongmai\system\Database\MySQLi\Connection.php:185
Stack trace:
#0 C:\xampp\htdocs\DOAN_websitethuongmai\system\Database\MySQLi\Connection.php(185): mysqli->real_connect('localhost', 'root', '', 'doan_websitethu...', 3306, '', 0)
#1 C:\xampp\htdocs\DOAN_websitethuongmai\system\Database\BaseConnection.php(391): CodeIgniter\Database\MySQLi\Connection->connect(false)
#2 C:\xampp\htdocs\DOAN_websitethuongmai\system\Database\BaseConnection.php(574): CodeIgniter\Database\BaseConnection->initialize()
#3 C:\xampp\htdocs\DOAN_websitethuongmai\system\Database\BaseBuilder.php(1615): CodeIgniter\Database\BaseConnection->query('SELECT *\nFROM `...', Array, false)
#4 C:\xampp\htdocs\DOAN_websitethuongmai\system\Model.php(237): CodeIgniter\Database\BaseBuilder->get()
#5 C:\xampp\htdocs\DOAN_websitethuongmai\system\BaseModel.php(624): CodeIgniter\Model->doFindAll(0, 0)
#6 C:\xampp\htdocs\DOAN_websitethuongmai\app\Models\CartModel.php(15): CodeIgniter\BaseModel->findAll()
#7 C:\xampp\htdocs\DOAN_websitethuongmai\app\Controllers\ClientController.php(24): App\Models\CartModel->getCart()
#8 C:\xampp\htdocs\DOAN_websitethuongmai\system\CodeIgniter.php(919): App\Controllers\ClientController->home_c()
#9 C:\xampp\htdocs\DOAN_websitethuongmai\system\CodeIgniter.php(494): CodeIgniter\CodeIgniter->runController(Object(App\Controllers\ClientController))
#10 C:\xampp\htdocs\DOAN_websitethuongmai\system\CodeIgniter.php(353): CodeIgniter\CodeIgniter->handleRequest(NULL, Object(Config\Cache), false)
#11 C:\xampp\htdocs\DOAN_websitethuongmai\public\index.php(79): CodeIgniter\CodeIgniter->run()
#12 {main}

Next CodeIgniter\Database\Exceptions\DatabaseException: Unknown database 'doan_websitethuongmai' in C:\xampp\htdocs\DOAN_websitethuongmai\system\Database\MySQLi\Connection.php:229
Stack trace:
#0 C:\xampp\htdocs\DOAN_websitethuongmai\system\Database\BaseConnection.php(391): CodeIgniter\Database\MySQLi\Connection->connect(false)
#1 C:\xampp\htdocs\DOAN_websitethuongmai\system\Database\BaseConnection.php(574): CodeIgniter\Database\BaseConnection->initialize()
#2 C:\xampp\htdocs\DOAN_websitethuongmai\system\Database\BaseBuilder.php(1615): CodeIgniter\Database\BaseConnection->query('SELECT *\nFROM `...', Array, false)
#3 C:\xampp\htdocs\DOAN_websitethuongmai\system\Model.php(237): CodeIgniter\Database\BaseBuilder->get()
#4 C:\xampp\htdocs\DOAN_websitethuongmai\system\BaseModel.php(624): CodeIgniter\Model->doFindAll(0, 0)
#5 C:\xampp\htdocs\DOAN_websitethuongmai\app\Models\CartModel.php(15): CodeIgniter\BaseModel->findAll()
#6 C:\xampp\htdocs\DOAN_websitethuongmai\app\Controllers\ClientController.php(24): App\Models\CartModel->getCart()
#7 C:\xampp\htdocs\DOAN_websitethuongmai\system\CodeIgniter.php(919): App\Controllers\ClientController->home_c()
#8 C:\xampp\htdocs\DOAN_websitethuongmai\system\CodeIgniter.php(494): CodeIgniter\CodeIgniter->runController(Object(App\Controllers\ClientController))
#9 C:\xampp\htdocs\DOAN_websitethuongmai\system\CodeIgniter.php(353): CodeIgniter\CodeIgniter->handleRequest(NULL, Object(Config\Cache), false)
#10 C:\xampp\htdocs\DOAN_websitethuongmai\public\index.php(79): CodeIgniter\CodeIgniter->run()
#11 {main}
CRITICAL - 2023-12-13 06:20:50 --> Unable to connect to the database.
Main connection [MySQLi]: Unknown database 'doan_websitethuongmai'
in SYSTEMPATH\Database\BaseConnection.php on line 427.
 1 SYSTEMPATH\Database\BaseConnection.php(574): CodeIgniter\Database\BaseConnection->initialize()
 2 SYSTEMPATH\Database\BaseBuilder.php(1615): CodeIgniter\Database\BaseConnection->query('SELECT *
FROM `cart`', [], false)
 3 SYSTEMPATH\Model.php(237): CodeIgniter\Database\BaseBuilder->get()
 4 SYSTEMPATH\BaseModel.php(624): CodeIgniter\Model->doFindAll(0, 0)
 5 APPPATH\Models\CartModel.php(15): CodeIgniter\BaseModel->findAll()
 6 APPPATH\Controllers\ClientController.php(24): App\Models\CartModel->getCart()
 7 SYSTEMPATH\CodeIgniter.php(919): App\Controllers\ClientController->home_c()
 8 SYSTEMPATH\CodeIgniter.php(494): CodeIgniter\CodeIgniter->runController(Object(App\Controllers\ClientController))
 9 SYSTEMPATH\CodeIgniter.php(353): CodeIgniter\CodeIgniter->handleRequest(null, Object(Config\Cache), false)
10 FCPATH\index.php(79): CodeIgniter\CodeIgniter->run()
ERROR - 2023-12-13 06:22:36 --> Error connecting to the database: mysqli_sql_exception: Unknown database 'doan_websitethuongmai' in C:\xampp\htdocs\DOAN_websitethuongmai\system\Database\MySQLi\Connection.php:185
Stack trace:
#0 C:\xampp\htdocs\DOAN_websitethuongmai\system\Database\MySQLi\Connection.php(185): mysqli->real_connect('localhost', 'root', '', 'doan_websitethu...', 3306, '', 0)
#1 C:\xampp\htdocs\DOAN_websitethuongmai\system\Database\BaseConnection.php(391): CodeIgniter\Database\MySQLi\Connection->connect(false)
#2 C:\xampp\htdocs\DOAN_websitethuongmai\system\Database\BaseConnection.php(574): CodeIgniter\Database\BaseConnection->initialize()
#3 C:\xampp\htdocs\DOAN_websitethuongmai\system\Database\BaseBuilder.php(1615): CodeIgniter\Database\BaseConnection->query('SELECT *\nFROM `...', Array, false)
#4 C:\xampp\htdocs\DOAN_websitethuongmai\system\Model.php(237): CodeIgniter\Database\BaseBuilder->get()
#5 C:\xampp\htdocs\DOAN_websitethuongmai\system\BaseModel.php(624): CodeIgniter\Model->doFindAll(0, 0)
#6 C:\xampp\htdocs\DOAN_websitethuongmai\app\Models\CartModel.php(15): CodeIgniter\BaseModel->findAll()
#7 C:\xampp\htdocs\DOAN_websitethuongmai\app\Controllers\ClientController.php(24): App\Models\CartModel->getCart()
#8 C:\xampp\htdocs\DOAN_websitethuongmai\system\CodeIgniter.php(919): App\Controllers\ClientController->home_c()
#9 C:\xampp\htdocs\DOAN_websitethuongmai\system\CodeIgniter.php(494): CodeIgniter\CodeIgniter->runController(Object(App\Controllers\ClientController))
#10 C:\xampp\htdocs\DOAN_websitethuongmai\system\CodeIgniter.php(353): CodeIgniter\CodeIgniter->handleRequest(NULL, Object(Config\Cache), false)
#11 C:\xampp\htdocs\DOAN_websitethuongmai\public\index.php(79): CodeIgniter\CodeIgniter->run()
#12 {main}

Next CodeIgniter\Database\Exceptions\DatabaseException: Unknown database 'doan_websitethuongmai' in C:\xampp\htdocs\DOAN_websitethuongmai\system\Database\MySQLi\Connection.php:229
Stack trace:
#0 C:\xampp\htdocs\DOAN_websitethuongmai\system\Database\BaseConnection.php(391): CodeIgniter\Database\MySQLi\Connection->connect(false)
#1 C:\xampp\htdocs\DOAN_websitethuongmai\system\Database\BaseConnection.php(574): CodeIgniter\Database\BaseConnection->initialize()
#2 C:\xampp\htdocs\DOAN_websitethuongmai\system\Database\BaseBuilder.php(1615): CodeIgniter\Database\BaseConnection->query('SELECT *\nFROM `...', Array, false)
#3 C:\xampp\htdocs\DOAN_websitethuongmai\system\Model.php(237): CodeIgniter\Database\BaseBuilder->get()
#4 C:\xampp\htdocs\DOAN_websitethuongmai\system\BaseModel.php(624): CodeIgniter\Model->doFindAll(0, 0)
#5 C:\xampp\htdocs\DOAN_websitethuongmai\app\Models\CartModel.php(15): CodeIgniter\BaseModel->findAll()
#6 C:\xampp\htdocs\DOAN_websitethuongmai\app\Controllers\ClientController.php(24): App\Models\CartModel->getCart()
#7 C:\xampp\htdocs\DOAN_websitethuongmai\system\CodeIgniter.php(919): App\Controllers\ClientController->home_c()
#8 C:\xampp\htdocs\DOAN_websitethuongmai\system\CodeIgniter.php(494): CodeIgniter\CodeIgniter->runController(Object(App\Controllers\ClientController))
#9 C:\xampp\htdocs\DOAN_websitethuongmai\system\CodeIgniter.php(353): CodeIgniter\CodeIgniter->handleRequest(NULL, Object(Config\Cache), false)
#10 C:\xampp\htdocs\DOAN_websitethuongmai\public\index.php(79): CodeIgniter\CodeIgniter->run()
#11 {main}
CRITICAL - 2023-12-13 06:22:36 --> Unable to connect to the database.
Main connection [MySQLi]: Unknown database 'doan_websitethuongmai'
in SYSTEMPATH\Database\BaseConnection.php on line 427.
 1 SYSTEMPATH\Database\BaseConnection.php(574): CodeIgniter\Database\BaseConnection->initialize()
 2 SYSTEMPATH\Database\BaseBuilder.php(1615): CodeIgniter\Database\BaseConnection->query('SELECT *
FROM `cart`', [], false)
 3 SYSTEMPATH\Model.php(237): CodeIgniter\Database\BaseBuilder->get()
 4 SYSTEMPATH\BaseModel.php(624): CodeIgniter\Model->doFindAll(0, 0)
 5 APPPATH\Models\CartModel.php(15): CodeIgniter\BaseModel->findAll()
 6 APPPATH\Controllers\ClientController.php(24): App\Models\CartModel->getCart()
 7 SYSTEMPATH\CodeIgniter.php(919): App\Controllers\ClientController->home_c()
 8 SYSTEMPATH\CodeIgniter.php(494): CodeIgniter\CodeIgniter->runController(Object(App\Controllers\ClientController))
 9 SYSTEMPATH\CodeIgniter.php(353): CodeIgniter\CodeIgniter->handleRequest(null, Object(Config\Cache), false)
10 FCPATH\index.php(79): CodeIgniter\CodeIgniter->run()
ERROR - 2023-12-13 06:22:36 --> Error connecting to the database: mysqli_sql_exception: Unknown database 'doan_websitethuongmai' in C:\xampp\htdocs\DOAN_websitethuongmai\system\Database\MySQLi\Connection.php:185
Stack trace:
#0 C:\xampp\htdocs\DOAN_websitethuongmai\system\Database\MySQLi\Connection.php(185): mysqli->real_connect('localhost', 'root', '', 'doan_websitethu...', 3306, '', 0)
#1 C:\xampp\htdocs\DOAN_websitethuongmai\system\Database\BaseConnection.php(391): CodeIgniter\Database\MySQLi\Connection->connect(false)
#2 C:\xampp\htdocs\DOAN_websitethuongmai\system\Database\BaseConnection.php(574): CodeIgniter\Database\BaseConnection->initialize()
#3 C:\xampp\htdocs\DOAN_websitethuongmai\system\Database\BaseBuilder.php(1615): CodeIgniter\Database\BaseConnection->query('SELECT *\nFROM `...', Array, false)
#4 C:\xampp\htdocs\DOAN_websitethuongmai\system\Model.php(237): CodeIgniter\Database\BaseBuilder->get()
#5 C:\xampp\htdocs\DOAN_websitethuongmai\system\BaseModel.php(624): CodeIgniter\Model->doFindAll(0, 0)
#6 C:\xampp\htdocs\DOAN_websitethuongmai\app\Models\CartModel.php(15): CodeIgniter\BaseModel->findAll()
#7 C:\xampp\htdocs\DOAN_websitethuongmai\app\Controllers\ClientController.php(24): App\Models\CartModel->getCart()
#8 C:\xampp\htdocs\DOAN_websitethuongmai\system\CodeIgniter.php(919): App\Controllers\ClientController->home_c()
#9 C:\xampp\htdocs\DOAN_websitethuongmai\system\CodeIgniter.php(494): CodeIgniter\CodeIgniter->runController(Object(App\Controllers\ClientController))
#10 C:\xampp\htdocs\DOAN_websitethuongmai\system\CodeIgniter.php(353): CodeIgniter\CodeIgniter->handleRequest(NULL, Object(Config\Cache), false)
#11 C:\xampp\htdocs\DOAN_websitethuongmai\public\index.php(79): CodeIgniter\CodeIgniter->run()
#12 {main}

Next CodeIgniter\Database\Exceptions\DatabaseException: Unknown database 'doan_websitethuongmai' in C:\xampp\htdocs\DOAN_websitethuongmai\system\Database\MySQLi\Connection.php:229
Stack trace:
#0 C:\xampp\htdocs\DOAN_websitethuongmai\system\Database\BaseConnection.php(391): CodeIgniter\Database\MySQLi\Connection->connect(false)
#1 C:\xampp\htdocs\DOAN_websitethuongmai\system\Database\BaseConnection.php(574): CodeIgniter\Database\BaseConnection->initialize()
#2 C:\xampp\htdocs\DOAN_websitethuongmai\system\Database\BaseBuilder.php(1615): CodeIgniter\Database\BaseConnection->query('SELECT *\nFROM `...', Array, false)
#3 C:\xampp\htdocs\DOAN_websitethuongmai\system\Model.php(237): CodeIgniter\Database\BaseBuilder->get()
#4 C:\xampp\htdocs\DOAN_websitethuongmai\system\BaseModel.php(624): CodeIgniter\Model->doFindAll(0, 0)
#5 C:\xampp\htdocs\DOAN_websitethuongmai\app\Models\CartModel.php(15): CodeIgniter\BaseModel->findAll()
#6 C:\xampp\htdocs\DOAN_websitethuongmai\app\Controllers\ClientController.php(24): App\Models\CartModel->getCart()
#7 C:\xampp\htdocs\DOAN_websitethuongmai\system\CodeIgniter.php(919): App\Controllers\ClientController->home_c()
#8 C:\xampp\htdocs\DOAN_websitethuongmai\system\CodeIgniter.php(494): CodeIgniter\CodeIgniter->runController(Object(App\Controllers\ClientController))
#9 C:\xampp\htdocs\DOAN_websitethuongmai\system\CodeIgniter.php(353): CodeIgniter\CodeIgniter->handleRequest(NULL, Object(Config\Cache), false)
#10 C:\xampp\htdocs\DOAN_websitethuongmai\public\index.php(79): CodeIgniter\CodeIgniter->run()
#11 {main}
CRITICAL - 2023-12-13 06:22:36 --> Unable to connect to the database.
Main connection [MySQLi]: Unknown database 'doan_websitethuongmai'
in SYSTEMPATH\Database\BaseConnection.php on line 427.
 1 SYSTEMPATH\Database\BaseConnection.php(574): CodeIgniter\Database\BaseConnection->initialize()
 2 SYSTEMPATH\Database\BaseBuilder.php(1615): CodeIgniter\Database\BaseConnection->query('SELECT *
FROM `cart`', [], false)
 3 SYSTEMPATH\Model.php(237): CodeIgniter\Database\BaseBuilder->get()
 4 SYSTEMPATH\BaseModel.php(624): CodeIgniter\Model->doFindAll(0, 0)
 5 APPPATH\Models\CartModel.php(15): CodeIgniter\BaseModel->findAll()
 6 APPPATH\Controllers\ClientController.php(24): App\Models\CartModel->getCart()
 7 SYSTEMPATH\CodeIgniter.php(919): App\Controllers\ClientController->home_c()
 8 SYSTEMPATH\CodeIgniter.php(494): CodeIgniter\CodeIgniter->runController(Object(App\Controllers\ClientController))
 9 SYSTEMPATH\CodeIgniter.php(353): CodeIgniter\CodeIgniter->handleRequest(null, Object(Config\Cache), false)
10 FCPATH\index.php(79): CodeIgniter\CodeIgniter->run()
ERROR - 2023-12-13 06:22:37 --> Error connecting to the database: mysqli_sql_exception: Unknown database 'doan_websitethuongmai' in C:\xampp\htdocs\DOAN_websitethuongmai\system\Database\MySQLi\Connection.php:185
Stack trace:
#0 C:\xampp\htdocs\DOAN_websitethuongmai\system\Database\MySQLi\Connection.php(185): mysqli->real_connect('localhost', 'root', '', 'doan_websitethu...', 3306, '', 0)
#1 C:\xampp\htdocs\DOAN_websitethuongmai\system\Database\BaseConnection.php(391): CodeIgniter\Database\MySQLi\Connection->connect(false)
#2 C:\xampp\htdocs\DOAN_websitethuongmai\system\Database\BaseConnection.php(574): CodeIgniter\Database\BaseConnection->initialize()
#3 C:\xampp\htdocs\DOAN_websitethuongmai\system\Database\BaseBuilder.php(1615): CodeIgniter\Database\BaseConnection->query('SELECT *\nFROM `...', Array, false)
#4 C:\xampp\htdocs\DOAN_websitethuongmai\system\Model.php(237): CodeIgniter\Database\BaseBuilder->get()
#5 C:\xampp\htdocs\DOAN_websitethuongmai\system\BaseModel.php(624): CodeIgniter\Model->doFindAll(0, 0)
#6 C:\xampp\htdocs\DOAN_websitethuongmai\app\Models\CartModel.php(15): CodeIgniter\BaseModel->findAll()
#7 C:\xampp\htdocs\DOAN_websitethuongmai\app\Controllers\ClientController.php(24): App\Models\CartModel->getCart()
#8 C:\xampp\htdocs\DOAN_websitethuongmai\system\CodeIgniter.php(919): App\Controllers\ClientController->home_c()
#9 C:\xampp\htdocs\DOAN_websitethuongmai\system\CodeIgniter.php(494): CodeIgniter\CodeIgniter->runController(Object(App\Controllers\ClientController))
#10 C:\xampp\htdocs\DOAN_websitethuongmai\system\CodeIgniter.php(353): CodeIgniter\CodeIgniter->handleRequest(NULL, Object(Config\Cache), false)
#11 C:\xampp\htdocs\DOAN_websitethuongmai\public\index.php(79): CodeIgniter\CodeIgniter->run()
#12 {main}

Next CodeIgniter\Database\Exceptions\DatabaseException: Unknown database 'doan_websitethuongmai' in C:\xampp\htdocs\DOAN_websitethuongmai\system\Database\MySQLi\Connection.php:229
Stack trace:
#0 C:\xampp\htdocs\DOAN_websitethuongmai\system\Database\BaseConnection.php(391): CodeIgniter\Database\MySQLi\Connection->connect(false)
#1 C:\xampp\htdocs\DOAN_websitethuongmai\system\Database\BaseConnection.php(574): CodeIgniter\Database\BaseConnection->initialize()
#2 C:\xampp\htdocs\DOAN_websitethuongmai\system\Database\BaseBuilder.php(1615): CodeIgniter\Database\BaseConnection->query('SELECT *\nFROM `...', Array, false)
#3 C:\xampp\htdocs\DOAN_websitethuongmai\system\Model.php(237): CodeIgniter\Database\BaseBuilder->get()
#4 C:\xampp\htdocs\DOAN_websitethuongmai\system\BaseModel.php(624): CodeIgniter\Model->doFindAll(0, 0)
#5 C:\xampp\htdocs\DOAN_websitethuongmai\app\Models\CartModel.php(15): CodeIgniter\BaseModel->findAll()
#6 C:\xampp\htdocs\DOAN_websitethuongmai\app\Controllers\ClientController.php(24): App\Models\CartModel->getCart()
#7 C:\xampp\htdocs\DOAN_websitethuongmai\system\CodeIgniter.php(919): App\Controllers\ClientController->home_c()
#8 C:\xampp\htdocs\DOAN_websitethuongmai\system\CodeIgniter.php(494): CodeIgniter\CodeIgniter->runController(Object(App\Controllers\ClientController))
#9 C:\xampp\htdocs\DOAN_websitethuongmai\system\CodeIgniter.php(353): CodeIgniter\CodeIgniter->handleRequest(NULL, Object(Config\Cache), false)
#10 C:\xampp\htdocs\DOAN_websitethuongmai\public\index.php(79): CodeIgniter\CodeIgniter->run()
#11 {main}
CRITICAL - 2023-12-13 06:22:37 --> Unable to connect to the database.
Main connection [MySQLi]: Unknown database 'doan_websitethuongmai'
in SYSTEMPATH\Database\BaseConnection.php on line 427.
 1 SYSTEMPATH\Database\BaseConnection.php(574): CodeIgniter\Database\BaseConnection->initialize()
 2 SYSTEMPATH\Database\BaseBuilder.php(1615): CodeIgniter\Database\BaseConnection->query('SELECT *
FROM `cart`', [], false)
 3 SYSTEMPATH\Model.php(237): CodeIgniter\Database\BaseBuilder->get()
 4 SYSTEMPATH\BaseModel.php(624): CodeIgniter\Model->doFindAll(0, 0)
 5 APPPATH\Models\CartModel.php(15): CodeIgniter\BaseModel->findAll()
 6 APPPATH\Controllers\ClientController.php(24): App\Models\CartModel->getCart()
 7 SYSTEMPATH\CodeIgniter.php(919): App\Controllers\ClientController->home_c()
 8 SYSTEMPATH\CodeIgniter.php(494): CodeIgniter\CodeIgniter->runController(Object(App\Controllers\ClientController))
 9 SYSTEMPATH\CodeIgniter.php(353): CodeIgniter\CodeIgniter->handleRequest(null, Object(Config\Cache), false)
10 FCPATH\index.php(79): CodeIgniter\CodeIgniter->run()
INFO - 2023-12-13 06:45:32 --> Session: Class initialized using 'CodeIgniter\Session\Handlers\FileHandler' driver.
INFO - 2023-12-13 06:45:40 --> CSRF token verified.
INFO - 2023-12-13 06:45:40 --> Session: Class initialized using 'CodeIgniter\Session\Handlers\FileHandler' driver.
INFO - 2023-12-13 06:45:40 --> Session: Class initialized using 'CodeIgniter\Session\Handlers\FileHandler' driver.
INFO - 2023-12-13 06:45:47 --> Session: Class initialized using 'CodeIgniter\Session\Handlers\FileHandler' driver.
INFO - 2023-12-13 06:49:47 --> Session: Class initialized using 'CodeIgniter\Session\Handlers\FileHandler' driver.
INFO - 2023-12-13 06:52:03 --> Session: Class initialized using 'CodeIgniter\Session\Handlers\FileHandler' driver.
INFO - 2023-12-13 06:52:12 --> Session: Class initialized using 'CodeIgniter\Session\Handlers\FileHandler' driver.
INFO - 2023-12-13 06:54:29 --> Session: Class initialized using 'CodeIgniter\Session\Handlers\FileHandler' driver.
CRITICAL - 2023-12-13 06:54:29 --> Undefined variable $blog_item
in APPPATH\Views\admin\product.php on line 182.
 1 APPPATH\Views\admin\product.php(182): CodeIgniter\Debug\Exceptions->errorHandler(2, 'Undefined variable $blog_item', 'C:\\xampp\\htdocs\\DOAN_websitethuongmai\\app\\Views\\admin\\product.php', 182)
 2 SYSTEMPATH\View\View.php(226): include('C:\\xampp\\htdocs\\DOAN_websitethuongmai\\app\\Views\\admin\\product.php')
 3 SYSTEMPATH\View\View.php(229): CodeIgniter\View\View->CodeIgniter\View\{closure}()
 4 SYSTEMPATH\Common.php(1188): CodeIgniter\View\View->render('admin/product', [], true)
 5 APPPATH\Controllers\ProductController.php(29): view('admin/product', [...])
 6 SYSTEMPATH\CodeIgniter.php(919): App\Controllers\ProductController->index()
 7 SYSTEMPATH\CodeIgniter.php(494): CodeIgniter\CodeIgniter->runController(Object(App\Controllers\ProductController))
 8 SYSTEMPATH\CodeIgniter.php(353): CodeIgniter\CodeIgniter->handleRequest(null, Object(Config\Cache), false)
 9 FCPATH\index.php(79): CodeIgniter\CodeIgniter->run()
INFO - 2023-12-13 06:54:42 --> Session: Class initialized using 'CodeIgniter\Session\Handlers\FileHandler' driver.
INFO - 2023-12-13 06:55:24 --> Session: Class initialized using 'CodeIgniter\Session\Handlers\FileHandler' driver.
INFO - 2023-12-13 06:55:37 --> Session: Class initialized using 'CodeIgniter\Session\Handlers\FileHandler' driver.
INFO - 2023-12-13 06:55:43 --> Session: Class initialized using 'CodeIgniter\Session\Handlers\FileHandler' driver.
INFO - 2023-12-13 06:56:11 --> Session: Class initialized using 'CodeIgniter\Session\Handlers\FileHandler' driver.
INFO - 2023-12-13 06:56:32 --> Session: Class initialized using 'CodeIgniter\Session\Handlers\FileHandler' driver.
INFO - 2023-12-13 06:56:41 --> Session: Class initialized using 'CodeIgniter\Session\Handlers\FileHandler' driver.
INFO - 2023-12-13 06:57:50 --> Session: Class initialized using 'CodeIgniter\Session\Handlers\FileHandler' driver.
INFO - 2023-12-13 06:58:03 --> CSRF token verified.
INFO - 2023-12-13 06:58:03 --> Session: Class initialized using 'CodeIgniter\Session\Handlers\FileHandler' driver.
INFO - 2023-12-13 06:58:07 --> Session: Class initialized using 'CodeIgniter\Session\Handlers\FileHandler' driver.
INFO - 2023-12-13 06:59:38 --> CSRF token verified.
INFO - 2023-12-13 07:00:36 --> CSRF token verified.
INFO - 2023-12-13 07:00:36 --> Session: Class initialized using 'CodeIgniter\Session\Handlers\FileHandler' driver.
INFO - 2023-12-13 07:00:39 --> Session: Class initialized using 'CodeIgniter\Session\Handlers\FileHandler' driver.
INFO - 2023-12-13 07:00:48 --> CSRF token verified.
INFO - 2023-12-13 07:00:48 --> Session: Class initialized using 'CodeIgniter\Session\Handlers\FileHandler' driver.
INFO - 2023-12-13 07:00:50 --> CSRF token verified.
INFO - 2023-12-13 07:00:50 --> Session: Class initialized using 'CodeIgniter\Session\Handlers\FileHandler' driver.
INFO - 2023-12-13 07:00:53 --> CSRF token verified.
INFO - 2023-12-13 07:00:53 --> Session: Class initialized using 'CodeIgniter\Session\Handlers\FileHandler' driver.
INFO - 2023-12-13 07:01:00 --> CSRF token verified.
INFO - 2023-12-13 07:01:00 --> Session: Class initialized using 'CodeIgniter\Session\Handlers\FileHandler' driver.
INFO - 2023-12-13 07:01:04 --> CSRF token verified.
INFO - 2023-12-13 07:01:04 --> Session: Class initialized using 'CodeIgniter\Session\Handlers\FileHandler' driver.
INFO - 2023-12-13 07:01:14 --> CSRF token verified.
INFO - 2023-12-13 07:01:14 --> Session: Class initialized using 'CodeIgniter\Session\Handlers\FileHandler' driver.
INFO - 2023-12-13 07:01:18 --> CSRF token verified.
INFO - 2023-12-13 07:01:18 --> Session: Class initialized using 'CodeIgniter\Session\Handlers\FileHandler' driver.
INFO - 2023-12-13 07:01:23 --> Session: Class initialized using 'CodeIgniter\Session\Handlers\FileHandler' driver.
INFO - 2023-12-13 07:27:07 --> CSRF token verified.
INFO - 2023-12-13 07:33:49 --> CSRF token verified.
INFO - 2023-12-13 07:36:23 --> CSRF token verified.
